TN:
SF:src/app.ts
FN:59,(anonymous_10)
FN:91,(anonymous_11)
FN:98,(anonymous_12)
FN:120,(anonymous_13)
FN:121,(anonymous_14)
FN:122,(anonymous_15)
FN:123,(anonymous_16)
FN:124,(anonymous_17)
FN:125,(anonymous_18)
FN:126,(anonymous_19)
FN:128,(anonymous_20)
FN:149,(anonymous_21)
FN:156,(anonymous_22)
FN:157,(anonymous_23)
FN:177,(anonymous_24)
FN:183,(anonymous_25)
FN:184,(anonymous_26)
FN:236,(anonymous_27)
FN:237,(anonymous_28)
FN:240,(anonymous_29)
FN:241,(anonymous_30)
FNF:21
FNH:0
FNDA:0,(anonymous_10)
FNDA:0,(anonymous_11)
FNDA:0,(anonymous_12)
FNDA:0,(anonymous_13)
FNDA:0,(anonymous_14)
FNDA:0,(anonymous_15)
FNDA:0,(anonymous_16)
FNDA:0,(anonymous_17)
FNDA:0,(anonymous_18)
FNDA:0,(anonymous_19)
FNDA:0,(anonymous_20)
FNDA:0,(anonymous_21)
FNDA:0,(anonymous_22)
FNDA:0,(anonymous_23)
FNDA:0,(anonymous_24)
FNDA:0,(anonymous_25)
FNDA:0,(anonymous_26)
FNDA:0,(anonymous_27)
FNDA:0,(anonymous_28)
FNDA:0,(anonymous_29)
FNDA:0,(anonymous_30)
DA:1,0
DA:2,0
DA:3,0
DA:4,0
DA:5,0
DA:6,0
DA:7,0
DA:8,0
DA:9,0
DA:10,0
DA:11,0
DA:12,0
DA:13,0
DA:14,0
DA:15,0
DA:16,0
DA:17,0
DA:18,0
DA:19,0
DA:20,0
DA:21,0
DA:22,0
DA:23,0
DA:30,0
DA:33,0
DA:55,0
DA:58,0
DA:61,0
DA:62,0
DA:65,0
DA:66,0
DA:67,0
DA:69,0
DA:81,0
DA:82,0
DA:85,0
DA:88,0
DA:90,0
DA:91,0
DA:96,0
DA:100,0
DA:104,0
DA:106,0
DA:107,0
DA:108,0
DA:109,0
DA:110,0
DA:111,0
DA:112,0
DA:113,0
DA:114,0
DA:115,0
DA:116,0
DA:117,0
DA:120,0
DA:121,0
DA:122,0
DA:123,0
DA:124,0
DA:125,0
DA:126,0
DA:128,0
DA:129,0
DA:130,0
DA:131,0
DA:132,0
DA:139,0
DA:149,0
DA:150,0
DA:151,0
DA:152,0
DA:153,0
DA:156,0
DA:157,0
DA:158,0
DA:159,0
DA:167,0
DA:168,0
DA:170,0
DA:171,0
DA:173,0
DA:177,0
DA:178,0
DA:179,0
DA:180,0
DA:181,0
DA:183,0
DA:184,0
DA:185,0
DA:186,0
DA:194,0
DA:195,0
DA:199,0
DA:200,0
DA:203,0
DA:204,0
DA:210,0
DA:211,0
DA:213,0
DA:215,0
DA:219,0
DA:222,0
DA:224,0
DA:228,0
DA:231,0
DA:232,0
DA:233,0
DA:236,0
DA:237,0
DA:240,0
DA:241,0
DA:245,0
LF:112
LH:0
BRDA:61,0,0,0
BRDA:61,0,1,0
BRDA:65,1,0,0
BRDA:65,1,1,0
BRDA:66,2,0,0
BRDA:66,2,1,0
BRDA:66,3,0,0
BRDA:66,3,1,0
BRDA:135,4,0,0
BRDA:135,4,1,0
BRDA:152,5,0,0
BRDA:152,5,1,0
BRDA:152,6,0,0
BRDA:152,6,1,0
BRDA:167,7,0,0
BRDA:167,7,1,0
BRDA:167,8,0,0
BRDA:167,8,1,0
BRDA:180,9,0,0
BRDA:180,9,1,0
BRDA:180,10,0,0
BRDA:180,10,1,0
BRDA:194,11,0,0
BRDA:194,11,1,0
BRDA:194,12,0,0
BRDA:194,12,1,0
BRDA:199,13,0,0
BRDA:199,13,1,0
BRDA:203,14,0,0
BRDA:203,14,1,0
BRDA:203,15,0,0
BRDA:203,15,1,0
BRDA:203,15,2,0
BRDA:219,16,0,0
BRDA:219,16,1,0
BRDA:231,17,0,0
BRDA:231,17,1,0
BRF:37
BRH:0
end_of_record
TN:
SF:src/controllers/auditController.ts
FN:6,getUserContext
FN:14,getAuditLogs
FN:96,(anonymous_2)
FN:116,getAuditSummary
FN:131,(anonymous_4)
FNF:5
FNH:0
FNDA:0,getUserContext
FNDA:0,getAuditLogs
FNDA:0,(anonymous_2)
FNDA:0,getAuditSummary
FNDA:0,(anonymous_4)
DA:3,0
DA:4,0
DA:7,0
DA:8,0
DA:9,0
DA:10,0
DA:11,0
DA:14,0
DA:15,0
DA:16,0
DA:17,0
DA:18,0
DA:36,0
DA:38,0
DA:39,0
DA:40,0
DA:42,0
DA:43,0
DA:44,0
DA:45,0
DA:46,0
DA:48,0
DA:49,0
DA:50,0
DA:52,0
DA:53,0
DA:54,0
DA:56,0
DA:57,0
DA:58,0
DA:60,0
DA:61,0
DA:62,0
DA:64,0
DA:65,0
DA:66,0
DA:68,0
DA:69,0
DA:70,0
DA:73,0
DA:75,0
DA:76,0
DA:77,0
DA:78,0
DA:79,0
DA:81,0
DA:85,0
DA:87,0
DA:96,0
DA:107,0
DA:112,0
DA:116,0
DA:117,0
DA:118,0
DA:119,0
DA:120,0
DA:124,0
DA:125,0
DA:127,0
DA:131,0
DA:136,0
DA:140,0
LF:62
LH:0
BRDA:8,0,0,0
BRDA:8,0,1,0
BRDA:17,1,0,0
BRDA:17,1,1,0
BRDA:17,2,0,0
BRDA:17,2,1,0
BRDA:42,3,0,0
BRDA:42,3,1,0
BRDA:43,4,0,0
BRDA:43,4,1,0
BRDA:44,5,0,0
BRDA:44,5,1,0
BRDA:45,6,0,0
BRDA:45,6,1,0
BRDA:46,7,0,0
BRDA:46,7,1,0
BRDA:48,8,0,0
BRDA:48,8,1,0
BRDA:52,9,0,0
BRDA:52,9,1,0
BRDA:56,10,0,0
BRDA:56,10,1,0
BRDA:60,11,0,0
BRDA:60,11,1,0
BRDA:64,12,0,0
BRDA:64,12,1,0
BRDA:68,13,0,0
BRDA:68,13,1,0
BRDA:73,14,0,0
BRDA:73,14,1,0
BRDA:75,15,0,0
BRDA:75,15,1,0
BRDA:76,16,0,0
BRDA:76,16,1,0
BRDA:77,17,0,0
BRDA:77,17,1,0
BRDA:78,18,0,0
BRDA:78,18,1,0
BRDA:78,19,0,0
BRDA:78,19,1,0
BRDA:101,20,0,0
BRDA:101,20,1,0
BRDA:101,21,0,0
BRDA:101,21,1,0
BRDA:103,22,0,0
BRDA:103,22,1,0
BRDA:103,22,2,0
BRDA:119,23,0,0
BRDA:119,23,1,0
BRDA:119,24,0,0
BRDA:119,24,1,0
BRDA:124,25,0,0
BRDA:124,25,1,0
BRDA:125,26,0,0
BRDA:125,26,1,0
BRF:55
BRH:0
end_of_record
TN:
SF:src/controllers/authController.ts
FN:9,login
FN:46,(anonymous_1)
FN:59,refresh
FN:74,(anonymous_3)
FN:86,logout
FN:96,me
FNF:6
FNH:0
FNDA:0,login
FNDA:0,(anonymous_1)
FNDA:0,refresh
FNDA:0,(anonymous_3)
FNDA:0,logout
FNDA:0,me
DA:2,0
DA:4,0
DA:5,0
DA:6,0
DA:7,0
DA:9,0
DA:10,0
DA:11,0
DA:12,0
DA:13,0
DA:17,0
DA:18,0
DA:19,0
DA:20,0
DA:23,0
DA:24,0
DA:25,0
DA:26,0
DA:29,0
DA:30,0
DA:31,0
DA:32,0
DA:36,0
DA:39,0
DA:40,0
DA:46,0
DA:50,0
DA:51,0
DA:52,0
DA:54,0
DA:55,0
DA:59,0
DA:60,0
DA:61,0
DA:62,0
DA:63,0
DA:66,0
DA:67,0
DA:68,0
DA:74,0
DA:78,0
DA:79,0
DA:80,0
DA:82,0
DA:86,0
DA:87,0
DA:90,0
DA:92,0
DA:96,0
DA:97,0
DA:98,0
DA:99,0
DA:100,0
DA:102,0
LF:54
LH:0
BRDA:12,0,0,0
BRDA:12,0,1,0
BRDA:12,1,0,0
BRDA:12,1,1,0
BRDA:18,2,0,0
BRDA:18,2,1,0
BRDA:24,3,0,0
BRDA:24,3,1,0
BRDA:30,4,0,0
BRDA:30,4,1,0
BRDA:62,5,0,0
BRDA:62,5,1,0
BRDA:99,6,0,0
BRDA:99,6,1,0
BRF:14
BRH:0
end_of_record
TN:
SF:src/controllers/bleController.ts
FN:19,getBleTags
FN:28,getBleTag
FN:37,postBleTag
FN:56,patchBleTag
FN:72,putAssignTag
FN:84,putUnassignTag
FN:93,deleteBleTag
FN:104,getPresence
FN:108,(anonymous_8)
FN:125,getPresenceDetailController
FN:134,getHistory
FNF:11
FNH:0
FNDA:0,getBleTags
FNDA:0,getBleTag
FNDA:0,postBleTag
FNDA:0,patchBleTag
FNDA:0,putAssignTag
FNDA:0,putUnassignTag
FNDA:0,deleteBleTag
FNDA:0,getPresence
FNDA:0,(anonymous_8)
FNDA:0,getPresenceDetailController
FNDA:0,getHistory
DA:3,0
DA:15,0
DA:19,0
DA:20,0
DA:21,0
DA:22,0
DA:24,0
DA:28,0
DA:29,0
DA:30,0
DA:31,0
DA:33,0
DA:37,0
DA:38,0
DA:40,0
DA:41,0
DA:42,0
DA:44,0
DA:50,0
DA:52,0
DA:56,0
DA:57,0
DA:59,0
DA:60,0
DA:61,0
DA:62,0
DA:63,0
DA:65,0
DA:66,0
DA:68,0
DA:72,0
DA:73,0
DA:74,0
DA:75,0
DA:77,0
DA:78,0
DA:80,0
DA:84,0
DA:85,0
DA:86,0
DA:87,0
DA:89,0
DA:93,0
DA:94,0
DA:95,0
DA:96,0
DA:98,0
DA:104,0
DA:105,0
DA:106,0
DA:108,0
DA:119,0
DA:121,0
DA:125,0
DA:126,0
DA:127,0
DA:128,0
DA:130,0
DA:134,0
DA:135,0
DA:136,0
DA:137,0
DA:138,0
DA:140,0
LF:64
LH:0
BRDA:40,0,0,0
BRDA:40,0,1,0
BRDA:42,1,0,0
BRDA:42,1,1,0
BRDA:46,2,0,0
BRDA:46,2,1,0
BRDA:47,3,0,0
BRDA:47,3,1,0
BRDA:48,4,0,0
BRDA:48,4,1,0
BRDA:59,5,0,0
BRDA:59,5,1,0
BRDA:62,6,0,0
BRDA:62,6,1,0
BRDA:63,7,0,0
BRDA:63,7,1,0
BRDA:75,8,0,0
BRDA:75,8,1,0
BRDA:136,9,0,0
BRDA:136,9,1,0
BRF:20
BRH:0
end_of_record
TN:
SF:src/controllers/dashboardController.ts
FN:6,getUserContext
FN:14,capitalize
FN:18,formatDescription
FN:93,getDashboardStats
FN:195,getRecentActivity
FN:248,(anonymous_5)
FN:263,getRoomStatus
FN:305,(anonymous_7)
FNF:8
FNH:0
FNDA:0,getUserContext
FNDA:0,capitalize
FNDA:0,formatDescription
FNDA:0,getDashboardStats
FNDA:0,getRecentActivity
FNDA:0,(anonymous_5)
FNDA:0,getRoomStatus
FNDA:0,(anonymous_7)
DA:3,0
DA:4,0
DA:7,0
DA:8,0
DA:9,0
DA:10,0
DA:11,0
DA:15,0
DA:23,0
DA:24,0
DA:27,0
DA:29,0
DA:36,0
DA:37,0
DA:38,0
DA:40,0
DA:41,0
DA:42,0
DA:43,0
DA:44,0
DA:45,0
DA:47,0
DA:50,0
DA:53,0
DA:59,0
DA:61,0
DA:63,0
DA:65,0
DA:67,0
DA:69,0
DA:71,0
DA:73,0
DA:75,0
DA:77,0
DA:79,0
DA:81,0
DA:83,0
DA:85,0
DA:87,0
DA:89,0
DA:93,0
DA:94,0
DA:95,0
DA:96,0
DA:97,0
DA:101,0
DA:168,0
DA:169,0
DA:170,0
DA:171,0
DA:173,0
DA:191,0
DA:195,0
DA:196,0
DA:197,0
DA:198,0
DA:199,0
DA:202,0
DA:203,0
DA:206,0
DA:248,0
DA:257,0
DA:259,0
DA:263,0
DA:264,0
DA:265,0
DA:266,0
DA:267,0
DA:270,0
DA:304,0
DA:305,0
DA:314,0
LF:72
LH:0
BRDA:8,0,0,0
BRDA:8,0,1,0
BRDA:15,1,0,0
BRDA:15,1,1,0
BRDA:23,2,0,0
BRDA:23,2,1,0
BRDA:23,3,0,0
BRDA:23,3,1,0
BRDA:24,4,0,0
BRDA:24,4,1,0
BRDA:29,5,0,0
BRDA:29,5,1,0
BRDA:29,5,2,0
BRDA:29,5,3,0
BRDA:29,5,4,0
BRDA:29,5,5,0
BRDA:36,6,0,0
BRDA:36,6,1,0
BRDA:37,7,0,0
BRDA:37,7,1,0
BRDA:38,8,0,0
BRDA:38,8,1,0
BRDA:41,9,0,0
BRDA:41,9,1,0
BRDA:44,10,0,0
BRDA:44,10,1,0
BRDA:45,11,0,0
BRDA:45,11,1,0
BRDA:47,12,0,0
BRDA:47,12,1,0
BRDA:50,13,0,0
BRDA:50,13,1,0
BRDA:53,14,0,0
BRDA:53,14,1,0
BRDA:54,15,0,0
BRDA:54,15,1,0
BRDA:55,16,0,0
BRDA:55,16,1,0
BRDA:59,17,0,0
BRDA:59,17,1,0
BRDA:59,17,2,0
BRDA:59,17,3,0
BRDA:59,17,4,0
BRDA:59,17,5,0
BRDA:59,17,6,0
BRDA:59,17,7,0
BRDA:59,17,8,0
BRDA:59,17,9,0
BRDA:59,17,10,0
BRDA:59,17,11,0
BRDA:59,17,12,0
BRDA:59,17,13,0
BRDA:59,17,14,0
BRDA:60,18,0,0
BRDA:60,18,1,0
BRDA:61,19,0,0
BRDA:61,19,1,0
BRDA:62,20,0,0
BRDA:62,20,1,0
BRDA:63,21,0,0
BRDA:63,21,1,0
BRDA:64,22,0,0
BRDA:64,22,1,0
BRDA:65,23,0,0
BRDA:65,23,1,0
BRDA:68,24,0,0
BRDA:68,24,1,0
BRDA:68,24,2,0
BRDA:69,25,0,0
BRDA:69,25,1,0
BRDA:71,26,0,0
BRDA:71,26,1,0
BRDA:72,27,0,0
BRDA:72,27,1,0
BRDA:73,28,0,0
BRDA:73,28,1,0
BRDA:74,29,0,0
BRDA:74,29,1,0
BRDA:75,30,0,0
BRDA:75,30,1,0
BRDA:76,31,0,0
BRDA:76,31,1,0
BRDA:77,32,0,0
BRDA:77,32,1,0
BRDA:78,33,0,0
BRDA:78,33,1,0
BRDA:79,34,0,0
BRDA:79,34,1,0
BRDA:80,35,0,0
BRDA:80,35,1,0
BRDA:81,36,0,0
BRDA:81,36,1,0
BRDA:82,37,0,0
BRDA:82,37,1,0
BRDA:83,38,0,0
BRDA:83,38,1,0
BRDA:85,39,0,0
BRDA:85,39,1,0
BRDA:87,40,0,0
BRDA:87,40,1,0
BRDA:89,41,0,0
BRDA:89,41,1,0
BRDA:89,42,0,0
BRDA:89,42,1,0
BRDA:96,43,0,0
BRDA:96,43,1,0
BRDA:96,44,0,0
BRDA:96,44,1,0
BRDA:198,45,0,0
BRDA:198,45,1,0
BRDA:198,46,0,0
BRDA:198,46,1,0
BRDA:202,47,0,0
BRDA:202,47,1,0
BRDA:250,48,0,0
BRDA:250,48,1,0
BRDA:252,49,0,0
BRDA:252,49,1,0
BRDA:252,50,0,0
BRDA:252,50,1,0
BRDA:253,51,0,0
BRDA:253,51,1,0
BRDA:266,52,0,0
BRDA:266,52,1,0
BRDA:266,53,0,0
BRDA:266,53,1,0
BRF:126
BRH:0
end_of_record
TN:
SF:src/controllers/deviceController.ts
FN:23,getRooms
FN:32,getRoom
FN:41,postRoom
FN:52,patchRoom
FN:62,deleteRoom
FN:73,getDevices
FN:82,getDevice
FN:91,postDevice
FN:106,patchDevice
FN:135,putDeviceRoom
FN:145,putDeviceLabel
FN:156,deleteDevice
FN:167,postDeviceEvent
FN:180,postDeviceHeartbeat
FNF:14
FNH:0
FNDA:0,getRooms
FNDA:0,getRoom
FNDA:0,postRoom
FNDA:0,patchRoom
FNDA:0,deleteRoom
FNDA:0,getDevices
FNDA:0,getDevice
FNDA:0,postDevice
FNDA:0,patchDevice
FNDA:0,putDeviceRoom
FNDA:0,putDeviceLabel
FNDA:0,deleteDevice
FNDA:0,postDeviceEvent
FNDA:0,postDeviceHeartbeat
DA:3,0
DA:18,0
DA:19,0
DA:23,0
DA:24,0
DA:25,0
DA:26,0
DA:28,0
DA:32,0
DA:33,0
DA:34,0
DA:35,0
DA:37,0
DA:41,0
DA:42,0
DA:43,0
DA:44,0
DA:45,0
DA:46,0
DA:48,0
DA:52,0
DA:53,0
DA:54,0
DA:55,0
DA:56,0
DA:58,0
DA:62,0
DA:63,0
DA:64,0
DA:65,0
DA:67,0
DA:73,0
DA:74,0
DA:75,0
DA:76,0
DA:78,0
DA:82,0
DA:83,0
DA:84,0
DA:85,0
DA:87,0
DA:91,0
DA:92,0
DA:94,0
DA:95,0
DA:96,0
DA:97,0
DA:98,0
DA:99,0
DA:100,0
DA:102,0
DA:106,0
DA:107,0
DA:109,0
DA:110,0
DA:111,0
DA:112,0
DA:113,0
DA:115,0
DA:116,0
DA:118,0
DA:119,0
DA:121,0
DA:122,0
DA:124,0
DA:125,0
DA:128,0
DA:129,0
DA:131,0
DA:135,0
DA:136,0
DA:137,0
DA:138,0
DA:139,0
DA:141,0
DA:145,0
DA:146,0
DA:147,0
DA:148,0
DA:149,0
DA:150,0
DA:152,0
DA:156,0
DA:157,0
DA:158,0
DA:159,0
DA:161,0
DA:167,0
DA:168,0
DA:169,0
DA:170,0
DA:171,0
DA:173,0
DA:174,0
DA:176,0
DA:180,0
DA:181,0
DA:182,0
DA:183,0
DA:184,0
DA:186,0
DA:187,0
DA:189,0
LF:103
LH:0
BRDA:44,0,0,0
BRDA:44,0,1,0
BRDA:94,1,0,0
BRDA:94,1,1,0
BRDA:95,2,0,0
BRDA:95,2,1,0
BRDA:96,3,0,0
BRDA:96,3,1,0
BRDA:98,4,0,0
BRDA:98,4,1,0
BRDA:110,5,0,0
BRDA:110,5,1,0
BRDA:115,6,0,0
BRDA:115,6,1,0
BRDA:118,7,0,0
BRDA:118,7,1,0
BRDA:118,8,0,0
BRDA:118,8,1,0
BRDA:121,9,0,0
BRDA:121,9,1,0
BRDA:122,10,0,0
BRDA:122,10,1,0
BRDA:124,11,0,0
BRDA:124,11,1,0
BRDA:138,12,0,0
BRDA:138,12,1,0
BRDA:148,13,0,0
BRDA:148,13,1,0
BRDA:170,14,0,0
BRDA:170,14,1,0
BRDA:170,15,0,0
BRDA:170,15,1,0
BRDA:170,15,2,0
BRDA:183,16,0,0
BRDA:183,16,1,0
BRF:35
BRH:0
end_of_record
TN:
SF:src/controllers/documentController.ts
FN:40,getUserContext
FN:49,getFolders
FN:59,postFolder
FN:82,patchFolder
FN:117,deleteFolder
FN:134,getFolderDocuments
FN:156,getAllDocuments
FN:175,getUniqueDocumentName
FN:187,uploadDocument
FN:239,batchUploadDocuments
FN:270,(anonymous_11)
FN:281,checkDocumentDuplicate
FN:306,reuploadDocumentVersion
FN:357,downloadDocument
FN:376,deleteDocument
FN:392,patchDocument
FN:410,getDocumentVersions
FN:423,getDocumentActivity
FN:436,getDocumentSearch
FN:458,getDocumentPermissions
FN:482,postDocumentPermission
FN:518,deleteDocumentPermission
FN:532,getFolderPermissions
FN:544,postFolderPermission
FN:579,deleteFolderPermission
FNF:25
FNH:0
FNDA:0,getUserContext
FNDA:0,getFolders
FNDA:0,postFolder
FNDA:0,patchFolder
FNDA:0,deleteFolder
FNDA:0,getFolderDocuments
FNDA:0,getAllDocuments
FNDA:0,getUniqueDocumentName
FNDA:0,uploadDocument
FNDA:0,batchUploadDocuments
FNDA:0,(anonymous_11)
FNDA:0,checkDocumentDuplicate
FNDA:0,reuploadDocumentVersion
FNDA:0,downloadDocument
FNDA:0,deleteDocument
FNDA:0,patchDocument
FNDA:0,getDocumentVersions
FNDA:0,getDocumentActivity
FNDA:0,getDocumentSearch
FNDA:0,getDocumentPermissions
FNDA:0,postDocumentPermission
FNDA:0,deleteDocumentPermission
FNDA:0,getFolderPermissions
FNDA:0,postFolderPermission
FNDA:0,deleteFolderPermission
DA:3,0
DA:4,0
DA:5,0
DA:7,0
DA:8,0
DA:36,0
DA:37,0
DA:41,0
DA:42,0
DA:43,0
DA:44,0
DA:49,0
DA:50,0
DA:51,0
DA:52,0
DA:53,0
DA:55,0
DA:59,0
DA:60,0
DA:61,0
DA:62,0
DA:63,0
DA:65,0
DA:66,0
DA:67,0
DA:68,0
DA:70,0
DA:71,0
DA:74,0
DA:75,0
DA:76,0
DA:78,0
DA:82,0
DA:83,0
DA:84,0
DA:85,0
DA:86,0
DA:88,0
DA:89,0
DA:90,0
DA:94,0
DA:95,0
DA:97,0
DA:98,0
DA:99,0
DA:100,0
DA:101,0
DA:102,0
DA:103,0
DA:104,0
DA:105,0
DA:106,0
DA:108,0
DA:111,0
DA:113,0
DA:117,0
DA:118,0
DA:119,0
DA:120,0
DA:121,0
DA:122,0
DA:124,0
DA:125,0
DA:126,0
DA:128,0
DA:134,0
DA:135,0
DA:136,0
DA:137,0
DA:138,0
DA:140,0
DA:141,0
DA:143,0
DA:144,0
DA:145,0
DA:146,0
DA:150,0
DA:152,0
DA:156,0
DA:157,0
DA:158,0
DA:159,0
DA:161,0
DA:162,0
DA:163,0
DA:164,0
DA:166,0
DA:168,0
DA:176,0
DA:177,0
DA:178,0
DA:179,0
DA:180,0
DA:181,0
DA:182,0
DA:184,0
DA:187,0
DA:188,0
DA:189,0
DA:190,0
DA:191,0
DA:192,0
DA:193,0
DA:195,0
DA:197,0
DA:198,0
DA:199,0
DA:200,0
DA:203,0
DA:204,0
DA:207,0
DA:208,0
DA:209,0
DA:210,0
DA:211,0
DA:213,0
DA:223,0
DA:234,0
DA:236,0
DA:239,0
DA:240,0
DA:241,0
DA:242,0
DA:243,0
DA:244,0
DA:245,0
DA:246,0
DA:249,0
DA:251,0
DA:252,0
DA:253,0
DA:254,0
DA:256,0
DA:257,0
DA:260,0
DA:267,0
DA:270,0
DA:278,0
DA:281,0
DA:282,0
DA:283,0
DA:284,0
DA:285,0
DA:286,0
DA:288,0
DA:289,0
DA:290,0
DA:300,0
DA:302,0
DA:306,0
DA:307,0
DA:308,0
DA:309,0
DA:310,0
DA:311,0
DA:313,0
DA:316,0
DA:317,0
DA:318,0
DA:321,0
DA:322,0
DA:323,0
DA:324,0
DA:325,0
DA:328,0
DA:337,0
DA:338,0
DA:344,0
DA:351,0
DA:353,0
DA:357,0
DA:358,0
DA:359,0
DA:360,0
DA:361,0
DA:362,0
DA:364,0
DA:365,0
DA:367,0
DA:368,0
DA:369,0
DA:370,0
DA:372,0
DA:376,0
DA:377,0
DA:378,0
DA:379,0
DA:380,0
DA:381,0
DA:382,0
DA:384,0
DA:385,0
DA:386,0
DA:388,0
DA:392,0
DA:393,0
DA:394,0
DA:395,0
DA:396,0
DA:397,0
DA:398,0
DA:400,0
DA:401,0
DA:402,0
DA:403,0
DA:404,0
DA:406,0
DA:410,0
DA:411,0
DA:412,0
DA:413,0
DA:414,0
DA:415,0
DA:416,0
DA:417,0
DA:419,0
DA:423,0
DA:424,0
DA:425,0
DA:426,0
DA:427,0
DA:428,0
DA:429,0
DA:430,0
DA:432,0
DA:436,0
DA:437,0
DA:438,0
DA:439,0
DA:440,0
DA:441,0
DA:443,0
DA:445,0
DA:446,0
DA:447,0
DA:448,0
DA:450,0
DA:452,0
DA:458,0
DA:459,0
DA:460,0
DA:461,0
DA:462,0
DA:463,0
DA:465,0
DA:468,0
DA:473,0
DA:478,0
DA:482,0
DA:483,0
DA:484,0
DA:485,0
DA:486,0
DA:487,0
DA:490,0
DA:491,0
DA:492,0
DA:493,0
DA:495,0
DA:496,0
DA:498,0
DA:499,0
DA:502,0
DA:511,0
DA:512,0
DA:514,0
DA:518,0
DA:519,0
DA:520,0
DA:521,0
DA:522,0
DA:523,0
DA:524,0
DA:525,0
DA:526,0
DA:528,0
DA:532,0
DA:533,0
DA:534,0
DA:535,0
DA:536,0
DA:537,0
DA:538,0
DA:540,0
DA:544,0
DA:545,0
DA:546,0
DA:547,0
DA:548,0
DA:551,0
DA:552,0
DA:553,0
DA:554,0
DA:556,0
DA:557,0
DA:559,0
DA:560,0
DA:563,0
DA:572,0
DA:573,0
DA:575,0
DA:579,0
DA:580,0
DA:581,0
DA:582,0
DA:583,0
DA:584,0
DA:585,0
DA:586,0
DA:588,0
LF:310
LH:0
BRDA:42,0,0,0
BRDA:42,0,1,0
BRDA:63,1,0,0
BRDA:63,1,1,0
BRDA:65,2,0,0
BRDA:65,2,1,0
BRDA:67,3,0,0
BRDA:67,3,1,0
BRDA:67,4,0,0
BRDA:67,4,1,0
BRDA:67,4,2,0
BRDA:67,4,3,0
BRDA:70,5,0,0
BRDA:70,5,1,0
BRDA:74,6,0,0
BRDA:74,6,1,0
BRDA:89,7,0,0
BRDA:89,7,1,0
BRDA:89,8,0,0
BRDA:89,8,1,0
BRDA:89,8,2,0
BRDA:89,8,3,0
BRDA:97,9,0,0
BRDA:97,9,1,0
BRDA:97,10,0,0
BRDA:97,10,1,0
BRDA:100,11,0,0
BRDA:100,11,1,0
BRDA:100,12,0,0
BRDA:100,12,1,0
BRDA:101,13,0,0
BRDA:101,13,1,0
BRDA:103,14,0,0
BRDA:103,14,1,0
BRDA:103,15,0,0
BRDA:103,15,1,0
BRDA:105,16,0,0
BRDA:105,16,1,0
BRDA:121,17,0,0
BRDA:121,17,1,0
BRDA:121,18,0,0
BRDA:121,18,1,0
BRDA:121,18,2,0
BRDA:145,19,0,0
BRDA:145,19,1,0
BRDA:145,20,0,0
BRDA:145,20,1,0
BRDA:145,20,2,0
BRDA:146,21,0,0
BRDA:146,21,1,0
BRDA:164,22,0,0
BRDA:164,22,1,0
BRDA:191,23,0,0
BRDA:191,23,1,0
BRDA:193,24,0,0
BRDA:193,24,1,0
BRDA:195,25,0,0
BRDA:195,25,1,0
BRDA:197,26,0,0
BRDA:197,26,1,0
BRDA:199,27,0,0
BRDA:199,27,1,0
BRDA:199,28,0,0
BRDA:199,28,1,0
BRDA:199,28,2,0
BRDA:199,28,3,0
BRDA:203,29,0,0
BRDA:203,29,1,0
BRDA:243,30,0,0
BRDA:243,30,1,0
BRDA:245,31,0,0
BRDA:245,31,1,0
BRDA:245,32,0,0
BRDA:245,32,1,0
BRDA:245,32,2,0
BRDA:249,33,0,0
BRDA:249,33,1,0
BRDA:251,34,0,0
BRDA:251,34,1,0
BRDA:253,35,0,0
BRDA:253,35,1,0
BRDA:253,36,0,0
BRDA:253,36,1,0
BRDA:253,36,2,0
BRDA:253,36,3,0
BRDA:256,37,0,0
BRDA:256,37,1,0
BRDA:269,38,0,0
BRDA:269,38,1,0
BRDA:272,39,0,0
BRDA:272,39,1,0
BRDA:273,40,0,0
BRDA:273,40,1,0
BRDA:274,41,0,0
BRDA:274,41,1,0
BRDA:284,42,0,0
BRDA:284,42,1,0
BRDA:286,43,0,0
BRDA:286,43,1,0
BRDA:289,44,0,0
BRDA:289,44,1,0
BRDA:311,45,0,0
BRDA:311,45,1,0
BRDA:317,46,0,0
BRDA:317,46,1,0
BRDA:317,47,0,0
BRDA:317,47,1,0
BRDA:317,47,2,0
BRDA:317,47,3,0
BRDA:362,48,0,0
BRDA:362,48,1,0
BRDA:362,49,0,0
BRDA:362,49,1,0
BRDA:365,50,0,0
BRDA:365,50,1,0
BRDA:381,51,0,0
BRDA:381,51,1,0
BRDA:381,52,0,0
BRDA:381,52,1,0
BRDA:381,52,2,0
BRDA:397,53,0,0
BRDA:397,53,1,0
BRDA:397,54,0,0
BRDA:397,54,1,0
BRDA:397,54,2,0
BRDA:397,54,3,0
BRDA:401,55,0,0
BRDA:401,55,1,0
BRDA:401,56,0,0
BRDA:401,56,1,0
BRDA:415,57,0,0
BRDA:415,57,1,0
BRDA:415,58,0,0
BRDA:415,58,1,0
BRDA:428,59,0,0
BRDA:428,59,1,0
BRDA:428,60,0,0
BRDA:428,60,1,0
BRDA:440,61,0,0
BRDA:440,61,1,0
BRDA:440,62,0,0
BRDA:440,62,1,0
BRDA:448,63,0,0
BRDA:448,63,1,0
BRDA:463,64,0,0
BRDA:463,64,1,0
BRDA:463,65,0,0
BRDA:463,65,1,0
BRDA:463,65,2,0
BRDA:475,66,0,0
BRDA:475,66,1,0
BRDA:487,67,0,0
BRDA:487,67,1,0
BRDA:487,68,0,0
BRDA:487,68,1,0
BRDA:487,68,2,0
BRDA:490,69,0,0
BRDA:490,69,1,0
BRDA:491,70,0,0
BRDA:491,70,1,0
BRDA:492,71,0,0
BRDA:492,71,1,0
BRDA:495,72,0,0
BRDA:495,72,1,0
BRDA:496,73,0,0
BRDA:496,73,1,0
BRDA:496,74,0,0
BRDA:496,74,1,0
BRDA:498,75,0,0
BRDA:498,75,1,0
BRDA:498,76,0,0
BRDA:498,76,1,0
BRDA:498,76,2,0
BRDA:504,77,0,0
BRDA:504,77,1,0
BRDA:505,78,0,0
BRDA:505,78,1,0
BRDA:507,79,0,0
BRDA:507,79,1,0
BRDA:523,80,0,0
BRDA:523,80,1,0
BRDA:523,81,0,0
BRDA:523,81,1,0
BRDA:523,81,2,0
BRDA:536,82,0,0
BRDA:536,82,1,0
BRDA:536,83,0,0
BRDA:536,83,1,0
BRDA:536,83,2,0
BRDA:548,84,0,0
BRDA:548,84,1,0
BRDA:548,85,0,0
BRDA:548,85,1,0
BRDA:548,85,2,0
BRDA:551,86,0,0
BRDA:551,86,1,0
BRDA:552,87,0,0
BRDA:552,87,1,0
BRDA:553,88,0,0
BRDA:553,88,1,0
BRDA:556,89,0,0
BRDA:556,89,1,0
BRDA:557,90,0,0
BRDA:557,90,1,0
BRDA:557,91,0,0
BRDA:557,91,1,0
BRDA:559,92,0,0
BRDA:559,92,1,0
BRDA:559,93,0,0
BRDA:559,93,1,0
BRDA:559,93,2,0
BRDA:565,94,0,0
BRDA:565,94,1,0
BRDA:566,95,0,0
BRDA:566,95,1,0
BRDA:568,96,0,0
BRDA:568,96,1,0
BRDA:583,97,0,0
BRDA:583,97,1,0
BRDA:583,98,0,0
BRDA:583,98,1,0
BRDA:583,98,2,0
BRF:222
BRH:0
end_of_record
TN:
SF:src/controllers/inventoryController.ts
FN:69,getUserContext
FN:116,getItems
FN:161,getItem
FN:204,postItem
FN:278,patchItem
FN:335,deleteItem
FN:359,getLots
FN:368,getLot
FN:377,postLot
FN:412,patchLot
FN:443,postCheckout
FN:452,(anonymous_11)
FN:466,(anonymous_12)
FN:477,(anonymous_13)
FN:486,getCheckouts
FN:503,(anonymous_15)
FN:535,getCheckout
FN:568,postApproveCheckout
FN:596,(anonymous_18)
FN:599,(anonymous_19)
FN:603,(anonymous_20)
FN:607,(anonymous_21)
FN:616,postRejectCheckout
FN:637,(anonymous_23)
FN:647,postReturn
FN:657,(anonymous_25)
FN:688,postCancel
FN:718,postScan
FNF:28
FNH:0
FNDA:0,getUserContext
FNDA:0,getItems
FNDA:0,getItem
FNDA:0,postItem
FNDA:0,patchItem
FNDA:0,deleteItem
FNDA:0,getLots
FNDA:0,getLot
FNDA:0,postLot
FNDA:0,patchLot
FNDA:0,postCheckout
FNDA:0,(anonymous_11)
FNDA:0,(anonymous_12)
FNDA:0,(anonymous_13)
FNDA:0,getCheckouts
FNDA:0,(anonymous_15)
FNDA:0,getCheckout
FNDA:0,postApproveCheckout
FNDA:0,(anonymous_18)
FNDA:0,(anonymous_19)
FNDA:0,(anonymous_20)
FNDA:0,(anonymous_21)
FNDA:0,postRejectCheckout
FNDA:0,(anonymous_23)
FNDA:0,postReturn
FNDA:0,(anonymous_25)
FNDA:0,postCancel
FNDA:0,postScan
DA:21,0
DA:43,0
DA:44,0
DA:70,0
DA:71,0
DA:72,0
DA:73,0
DA:74,0
DA:75,0
DA:116,0
DA:117,0
DA:118,0
DA:119,0
DA:127,0
DA:129,0
DA:161,0
DA:162,0
DA:163,0
DA:164,0
DA:166,0
DA:204,0
DA:205,0
DA:206,0
DA:207,0
DA:208,0
DA:211,0
DA:212,0
DA:213,0
DA:215,0
DA:216,0
DA:219,0
DA:229,0
DA:237,0
DA:239,0
DA:278,0
DA:279,0
DA:280,0
DA:281,0
DA:282,0
DA:285,0
DA:286,0
DA:294,0
DA:301,0
DA:303,0
DA:335,0
DA:336,0
DA:337,0
DA:338,0
DA:339,0
DA:342,0
DA:344,0
DA:351,0
DA:353,0
DA:359,0
DA:360,0
DA:361,0
DA:362,0
DA:364,0
DA:368,0
DA:369,0
DA:370,0
DA:371,0
DA:373,0
DA:377,0
DA:378,0
DA:379,0
DA:380,0
DA:381,0
DA:384,0
DA:385,0
DA:386,0
DA:389,0
DA:398,0
DA:406,0
DA:408,0
DA:412,0
DA:413,0
DA:414,0
DA:415,0
DA:416,0
DA:419,0
DA:420,0
DA:428,0
DA:435,0
DA:437,0
DA:443,0
DA:444,0
DA:445,0
DA:446,0
DA:447,0
DA:448,0
DA:452,0
DA:459,0
DA:461,0
DA:466,0
DA:470,0
DA:472,0
DA:477,0
DA:480,0
DA:482,0
DA:486,0
DA:487,0
DA:488,0
DA:489,0
DA:492,0
DA:496,0
DA:503,0
DA:504,0
DA:506,0
DA:509,0
DA:510,0
DA:511,0
DA:512,0
DA:514,0
DA:520,0
DA:525,0
DA:529,0
DA:531,0
DA:535,0
DA:536,0
DA:537,0
DA:538,0
DA:541,0
DA:542,0
DA:546,0
DA:547,0
DA:548,0
DA:550,0
DA:556,0
DA:562,0
DA:564,0
DA:568,0
DA:569,0
DA:570,0
DA:571,0
DA:572,0
DA:575,0
DA:576,0
DA:578,0
DA:587,0
DA:588,0
DA:589,0
DA:590,0
DA:591,0
DA:592,0
DA:596,0
DA:598,0
DA:599,0
DA:602,0
DA:603,0
DA:606,0
DA:607,0
DA:610,0
DA:612,0
DA:616,0
DA:617,0
DA:618,0
DA:619,0
DA:620,0
DA:623,0
DA:624,0
DA:626,0
DA:634,0
DA:637,0
DA:639,0
DA:641,0
DA:647,0
DA:648,0
DA:649,0
DA:650,0
DA:651,0
DA:653,0
DA:654,0
DA:657,0
DA:663,0
DA:664,0
DA:665,0
DA:666,0
DA:670,0
DA:672,0
DA:680,0
DA:682,0
DA:688,0
DA:689,0
DA:690,0
DA:691,0
DA:696,0
DA:697,0
DA:698,0
DA:701,0
DA:703,0
DA:710,0
DA:712,0
DA:718,0
DA:719,0
DA:720,0
DA:721,0
DA:722,0
DA:724,0
DA:725,0
DA:727,0
LF:201
LH:0
BRDA:71,0,0,0
BRDA:71,0,1,0
BRDA:74,1,0,0
BRDA:74,1,1,0
BRDA:207,2,0,0
BRDA:207,2,1,0
BRDA:207,3,0,0
BRDA:207,3,1,0
BRDA:212,4,0,0
BRDA:212,4,1,0
BRDA:212,5,0,0
BRDA:212,5,1,0
BRDA:215,6,0,0
BRDA:215,6,1,0
BRDA:281,7,0,0
BRDA:281,7,1,0
BRDA:281,8,0,0
BRDA:281,8,1,0
BRDA:338,9,0,0
BRDA:338,9,1,0
BRDA:338,10,0,0
BRDA:338,10,1,0
BRDA:380,11,0,0
BRDA:380,11,1,0
BRDA:380,12,0,0
BRDA:380,12,1,0
BRDA:385,13,0,0
BRDA:385,13,1,0
BRDA:385,14,0,0
BRDA:385,14,1,0
BRDA:415,15,0,0
BRDA:415,15,1,0
BRDA:415,16,0,0
BRDA:415,16,1,0
BRDA:422,17,0,0
BRDA:422,17,1,0
BRDA:447,18,0,0
BRDA:447,18,1,0
BRDA:447,19,0,0
BRDA:447,19,1,0
BRDA:447,19,2,0
BRDA:459,20,0,0
BRDA:459,20,1,0
BRDA:463,21,0,0
BRDA:463,21,1,0
BRDA:463,22,0,0
BRDA:463,22,1,0
BRDA:470,23,0,0
BRDA:470,23,1,0
BRDA:470,24,0,0
BRDA:470,24,1,0
BRDA:492,25,0,0
BRDA:492,25,1,0
BRDA:492,26,0,0
BRDA:492,26,1,0
BRDA:504,27,0,0
BRDA:504,27,1,0
BRDA:504,28,0,0
BRDA:504,28,1,0
BRDA:510,29,0,0
BRDA:510,29,1,0
BRDA:515,30,0,0
BRDA:515,30,1,0
BRDA:516,31,0,0
BRDA:516,31,1,0
BRDA:517,32,0,0
BRDA:517,32,1,0
BRDA:518,33,0,0
BRDA:518,33,1,0
BRDA:541,34,0,0
BRDA:541,34,1,0
BRDA:541,35,0,0
BRDA:541,35,1,0
BRDA:541,35,2,0
BRDA:546,36,0,0
BRDA:546,36,1,0
BRDA:546,37,0,0
BRDA:546,37,1,0
BRDA:546,37,2,0
BRDA:551,38,0,0
BRDA:551,38,1,0
BRDA:552,39,0,0
BRDA:552,39,1,0
BRDA:553,40,0,0
BRDA:553,40,1,0
BRDA:554,41,0,0
BRDA:554,41,1,0
BRDA:571,42,0,0
BRDA:571,42,1,0
BRDA:571,43,0,0
BRDA:571,43,1,0
BRDA:588,44,0,0
BRDA:588,44,1,0
BRDA:588,45,0,0
BRDA:588,45,1,0
BRDA:591,46,0,0
BRDA:591,46,1,0
BRDA:591,47,0,0
BRDA:591,47,1,0
BRDA:619,48,0,0
BRDA:619,48,1,0
BRDA:619,49,0,0
BRDA:619,49,1,0
BRDA:653,50,0,0
BRDA:653,50,1,0
BRDA:653,51,0,0
BRDA:653,51,1,0
BRDA:653,51,2,0
BRDA:663,52,0,0
BRDA:663,52,1,0
BRDA:663,53,0,0
BRDA:663,53,1,0
BRDA:665,54,0,0
BRDA:665,54,1,0
BRDA:697,55,0,0
BRDA:697,55,1,0
BRDA:697,56,0,0
BRDA:697,56,1,0
BRDA:697,56,2,0
BRDA:721,57,0,0
BRDA:721,57,1,0
BRF:121
BRH:0
end_of_record
TN:
SF:src/controllers/reportController.ts
FN:7,getUserContext
FN:15,parseDateRange
FN:24,formatExport
FN:28,(anonymous_4)
FN:30,(anonymous_5)
FN:71,(anonymous_6)
FN:72,(anonymous_7)
FN:89,(anonymous_8)
FN:100,getInventoryMovementReport
FN:158,(anonymous_10)
FN:175,(anonymous_11)
FN:189,getCheckoutHistoryReport
FN:255,(anonymous_13)
FN:289,(anonymous_14)
FN:308,getMissingHistoryReport
FN:361,(anonymous_16)
FN:379,getDeviceHealthReport
FN:439,(anonymous_18)
FNF:18
FNH:0
FNDA:0,getUserContext
FNDA:0,parseDateRange
FNDA:0,formatExport
FNDA:0,(anonymous_4)
FNDA:0,(anonymous_5)
FNDA:0,(anonymous_6)
FNDA:0,(anonymous_7)
FNDA:0,(anonymous_8)
FNDA:0,getInventoryMovementReport
FNDA:0,(anonymous_10)
FNDA:0,(anonymous_11)
FNDA:0,getCheckoutHistoryReport
FNDA:0,(anonymous_13)
FNDA:0,(anonymous_14)
FNDA:0,getMissingHistoryReport
FNDA:0,(anonymous_16)
FNDA:0,getDeviceHealthReport
FNDA:0,(anonymous_18)
DA:3,0
DA:4,0
DA:5,0
DA:8,0
DA:9,0
DA:10,0
DA:11,0
DA:12,0
DA:17,0
DA:18,0
DA:25,0
DA:26,0
DA:27,0
DA:28,0
DA:29,0
DA:31,0
DA:32,0
DA:33,0
DA:34,0
DA:35,0
DA:37,0
DA:41,0
DA:42,0
DA:45,0
DA:46,0
DA:47,0
DA:48,0
DA:49,0
DA:50,0
DA:51,0
DA:54,0
DA:55,0
DA:58,0
DA:59,0
DA:62,0
DA:63,0
DA:64,0
DA:71,0
DA:72,0
DA:73,0
DA:75,0
DA:77,0
DA:78,0
DA:79,0
DA:82,0
DA:83,0
DA:85,0
DA:89,0
DA:91,0
DA:92,0
DA:95,0
DA:100,0
DA:101,0
DA:102,0
DA:103,0
DA:105,0
DA:106,0
DA:107,0
DA:109,0
DA:110,0
DA:111,0
DA:113,0
DA:114,0
DA:115,0
DA:117,0
DA:118,0
DA:119,0
DA:122,0
DA:124,0
DA:157,0
DA:158,0
DA:168,0
DA:169,0
DA:170,0
DA:171,0
DA:175,0
DA:181,0
DA:183,0
DA:189,0
DA:190,0
DA:191,0
DA:193,0
DA:194,0
DA:195,0
DA:197,0
DA:198,0
DA:199,0
DA:202,0
DA:203,0
DA:204,0
DA:207,0
DA:208,0
DA:209,0
DA:211,0
DA:212,0
DA:213,0
DA:216,0
DA:218,0
DA:253,0
DA:254,0
DA:255,0
DA:256,0
DA:257,0
DA:258,0
DA:259,0
DA:261,0
DA:267,0
DA:274,0
DA:275,0
DA:277,0
DA:281,0
DA:282,0
DA:283,0
DA:284,0
DA:285,0
DA:289,0
DA:300,0
DA:302,0
DA:308,0
DA:309,0
DA:310,0
DA:311,0
DA:313,0
DA:314,0
DA:315,0
DA:317,0
DA:318,0
DA:319,0
DA:321,0
DA:322,0
DA:323,0
DA:325,0
DA:326,0
DA:327,0
DA:330,0
DA:332,0
DA:353,0
DA:354,0
DA:355,0
DA:356,0
DA:357,0
DA:361,0
DA:371,0
DA:373,0
DA:379,0
DA:380,0
DA:381,0
DA:382,0
DA:384,0
DA:385,0
DA:386,0
DA:388,0
DA:389,0
DA:390,0
DA:392,0
DA:393,0
DA:394,0
DA:396,0
DA:397,0
DA:398,0
DA:401,0
DA:403,0
DA:431,0
DA:432,0
DA:433,0
DA:434,0
DA:435,0
DA:439,0
DA:448,0
DA:450,0
LF:170
LH:0
BRDA:9,0,0,0
BRDA:9,0,1,0
BRDA:19,1,0,0
BRDA:19,1,1,0
BRDA:20,2,0,0
BRDA:20,2,1,0
BRDA:25,3,0,0
BRDA:25,3,1,0
BRDA:26,4,0,0
BRDA:26,4,1,0
BRDA:32,5,0,0
BRDA:32,5,1,0
BRDA:32,6,0,0
BRDA:32,6,1,0
BRDA:33,7,0,0
BRDA:33,7,1,0
BRDA:34,8,0,0
BRDA:34,8,1,0
BRDA:34,9,0,0
BRDA:34,9,1,0
BRDA:34,9,2,0
BRDA:45,10,0,0
BRDA:45,10,1,0
BRDA:46,11,0,0
BRDA:46,11,1,0
BRDA:75,12,0,0
BRDA:75,12,1,0
BRDA:75,13,0,0
BRDA:75,13,1,0
BRDA:77,14,0,0
BRDA:77,14,1,0
BRDA:78,15,0,0
BRDA:78,15,1,0
BRDA:78,16,0,0
BRDA:78,16,1,0
BRDA:82,17,0,0
BRDA:82,17,1,0
BRDA:103,18,0,0
BRDA:103,18,1,0
BRDA:106,19,0,0
BRDA:106,19,1,0
BRDA:107,20,0,0
BRDA:107,20,1,0
BRDA:113,21,0,0
BRDA:113,21,1,0
BRDA:117,22,0,0
BRDA:117,22,1,0
BRDA:122,23,0,0
BRDA:122,23,1,0
BRDA:157,24,0,0
BRDA:157,24,1,0
BRDA:157,25,0,0
BRDA:157,25,1,0
BRDA:177,26,0,0
BRDA:177,26,1,0
BRDA:177,27,0,0
BRDA:177,27,1,0
BRDA:178,28,0,0
BRDA:178,28,1,0
BRDA:194,29,0,0
BRDA:194,29,1,0
BRDA:195,30,0,0
BRDA:195,30,1,0
BRDA:202,31,0,0
BRDA:202,31,1,0
BRDA:202,32,0,0
BRDA:202,32,1,0
BRDA:207,33,0,0
BRDA:207,33,1,0
BRDA:211,34,0,0
BRDA:211,34,1,0
BRDA:216,35,0,0
BRDA:216,35,1,0
BRDA:254,36,0,0
BRDA:254,36,1,0
BRDA:254,37,0,0
BRDA:254,37,1,0
BRDA:257,38,0,0
BRDA:257,38,1,0
BRDA:262,39,0,0
BRDA:262,39,1,0
BRDA:263,40,0,0
BRDA:263,40,1,0
BRDA:264,41,0,0
BRDA:264,41,1,0
BRDA:265,42,0,0
BRDA:265,42,1,0
BRDA:274,43,0,0
BRDA:274,43,1,0
BRDA:281,44,0,0
BRDA:281,44,1,0
BRDA:281,45,0,0
BRDA:281,45,1,0
BRDA:291,46,0,0
BRDA:291,46,1,0
BRDA:292,47,0,0
BRDA:292,47,1,0
BRDA:296,48,0,0
BRDA:296,48,1,0
BRDA:297,49,0,0
BRDA:297,49,1,0
BRDA:311,50,0,0
BRDA:311,50,1,0
BRDA:314,51,0,0
BRDA:314,51,1,0
BRDA:315,52,0,0
BRDA:315,52,1,0
BRDA:321,53,0,0
BRDA:321,53,1,0
BRDA:325,54,0,0
BRDA:325,54,1,0
BRDA:353,55,0,0
BRDA:353,55,1,0
BRDA:353,56,0,0
BRDA:353,56,1,0
BRDA:382,57,0,0
BRDA:382,57,1,0
BRDA:385,58,0,0
BRDA:385,58,1,0
BRDA:386,59,0,0
BRDA:386,59,1,0
BRDA:392,60,0,0
BRDA:392,60,1,0
BRDA:396,61,0,0
BRDA:396,61,1,0
BRDA:401,62,0,0
BRDA:401,62,1,0
BRDA:431,63,0,0
BRDA:431,63,1,0
BRDA:431,64,0,0
BRDA:431,64,1,0
BRDA:441,65,0,0
BRDA:441,65,1,0
BRDA:444,66,0,0
BRDA:444,66,1,0
BRDA:445,67,0,0
BRDA:445,67,1,0
BRDA:445,68,0,0
BRDA:445,68,1,0
BRF:139
BRH:0
end_of_record
TN:
SF:src/controllers/userController.ts
FN:15,getUsers
FN:32,getUser
FN:41,postUser
FN:69,patchUser
FN:78,deleteUser
FN:87,postUserRole
FN:100,deleteUserRole
FN:109,getRoles
FNF:8
FNH:0
FNDA:0,getUsers
FNDA:0,getUser
FNDA:0,postUser
FNDA:0,patchUser
FNDA:0,deleteUser
FNDA:0,postUserRole
FNDA:0,deleteUserRole
FNDA:0,getRoles
DA:3,0
DA:13,0
DA:15,0
DA:16,0
DA:17,0
DA:18,0
DA:19,0
DA:20,0
DA:21,0
DA:25,0
DA:26,0
DA:28,0
DA:32,0
DA:33,0
DA:34,0
DA:35,0
DA:37,0
DA:41,0
DA:42,0
DA:43,0
DA:46,0
DA:47,0
DA:51,0
DA:52,0
DA:53,0
DA:57,0
DA:58,0
DA:59,0
DA:62,0
DA:63,0
DA:65,0
DA:69,0
DA:70,0
DA:71,0
DA:72,0
DA:74,0
DA:78,0
DA:79,0
DA:80,0
DA:81,0
DA:83,0
DA:87,0
DA:88,0
DA:89,0
DA:90,0
DA:91,0
DA:92,0
DA:93,0
DA:94,0
DA:96,0
DA:100,0
DA:101,0
DA:102,0
DA:103,0
DA:105,0
DA:109,0
DA:110,0
DA:111,0
DA:112,0
DA:114,0
LF:60
LH:0
BRDA:17,0,0,0
BRDA:17,0,1,0
BRDA:18,1,0,0
BRDA:18,1,1,0
BRDA:19,2,0,0
BRDA:19,2,1,0
BRDA:20,3,0,0
BRDA:20,3,1,0
BRDA:21,4,0,0
BRDA:21,4,1,0
BRDA:46,5,0,0
BRDA:46,5,1,0
BRDA:46,6,0,0
BRDA:46,6,1,0
BRDA:46,6,2,0
BRDA:52,7,0,0
BRDA:52,7,1,0
BRDA:58,8,0,0
BRDA:58,8,1,0
BRDA:91,9,0,0
BRDA:91,9,1,0
BRDA:92,10,0,0
BRDA:92,10,1,0
BRF:23
BRH:0
end_of_record
TN:
SF:src/controllers/userStatusController.ts
FN:21,updateUserActivity
FN:49,getUserStatus
FN:70,getAllUsersStatus
FN:90,verifyUserSession
FN:113,logoutSession
FN:135,getNotifications
FN:162,getNotificationCountsEndpoint
FN:177,markNotificationRead
FN:197,markAllNotificationsRead
FN:212,deleteNotificationEndpoint
FNF:10
FNH:0
FNDA:0,updateUserActivity
FNDA:0,getUserStatus
FNDA:0,getAllUsersStatus
FNDA:0,verifyUserSession
FNDA:0,logoutSession
FNDA:0,getNotifications
FNDA:0,getNotificationCountsEndpoint
FNDA:0,markNotificationRead
FNDA:0,markAllNotificationsRead
FNDA:0,deleteNotificationEndpoint
DA:3,0
DA:10,0
DA:17,0
DA:21,0
DA:22,0
DA:23,0
DA:24,0
DA:25,0
DA:28,0
DA:29,0
DA:30,0
DA:33,0
DA:34,0
DA:36,0
DA:43,0
DA:45,0
DA:49,0
DA:50,0
DA:51,0
DA:52,0
DA:53,0
DA:56,0
DA:58,0
DA:66,0
DA:70,0
DA:71,0
DA:72,0
DA:73,0
DA:74,0
DA:78,0
DA:79,0
DA:82,0
DA:84,0
DA:86,0
DA:90,0
DA:91,0
DA:92,0
DA:93,0
DA:94,0
DA:97,0
DA:98,0
DA:99,0
DA:102,0
DA:104,0
DA:109,0
DA:113,0
DA:114,0
DA:115,0
DA:116,0
DA:117,0
DA:120,0
DA:121,0
DA:122,0
DA:125,0
DA:127,0
DA:129,0
DA:135,0
DA:136,0
DA:137,0
DA:138,0
DA:139,0
DA:142,0
DA:144,0
DA:151,0
DA:158,0
DA:162,0
DA:163,0
DA:164,0
DA:165,0
DA:166,0
DA:169,0
DA:171,0
DA:173,0
DA:177,0
DA:178,0
DA:179,0
DA:180,0
DA:181,0
DA:184,0
DA:185,0
DA:186,0
DA:189,0
DA:191,0
DA:193,0
DA:197,0
DA:198,0
DA:199,0
DA:200,0
DA:201,0
DA:204,0
DA:206,0
DA:208,0
DA:212,0
DA:213,0
DA:214,0
DA:215,0
DA:216,0
DA:219,0
DA:220,0
DA:221,0
DA:224,0
DA:226,0
DA:228,0
LF:103
LH:0
BRDA:24,0,0,0
BRDA:24,0,1,0
BRDA:29,1,0,0
BRDA:29,1,1,0
BRDA:52,2,0,0
BRDA:52,2,1,0
BRDA:73,3,0,0
BRDA:73,3,1,0
BRDA:78,4,0,0
BRDA:78,4,1,0
BRDA:93,5,0,0
BRDA:93,5,1,0
BRDA:98,6,0,0
BRDA:98,6,1,0
BRDA:116,7,0,0
BRDA:116,7,1,0
BRDA:121,8,0,0
BRDA:121,8,1,0
BRDA:138,9,0,0
BRDA:138,9,1,0
BRDA:142,10,0,0
BRDA:142,11,0,0
BRDA:165,12,0,0
BRDA:165,12,1,0
BRDA:180,13,0,0
BRDA:180,13,1,0
BRDA:184,14,0,0
BRDA:184,14,1,0
BRDA:185,15,0,0
BRDA:185,15,1,0
BRDA:200,16,0,0
BRDA:200,16,1,0
BRDA:215,17,0,0
BRDA:215,17,1,0
BRDA:219,18,0,0
BRDA:219,18,1,0
BRDA:220,19,0,0
BRDA:220,19,1,0
BRF:38
BRH:0
end_of_record
TN:
SF:src/middleware/auth.ts
FN:11,authenticate
FN:58,requireRoles
FN:59,(anonymous_2)
FN:67,(anonymous_3)
FN:75,requireAdmin
FNF:5
FNH:0
FNDA:0,authenticate
FNDA:0,requireRoles
FNDA:0,(anonymous_2)
FNDA:0,(anonymous_3)
FNDA:0,requireAdmin
DA:2,0
DA:3,0
DA:5,0
DA:11,0
DA:12,0
DA:13,0
DA:14,0
DA:15,0
DA:18,0
DA:19,0
DA:21,0
DA:33,0
DA:34,0
DA:37,0
DA:38,0
DA:39,0
DA:42,0
DA:52,0
DA:54,0
DA:58,0
DA:59,0
DA:60,0
DA:61,0
DA:64,0
DA:65,0
DA:67,0
DA:68,0
DA:69,0
DA:71,0
DA:75,0
DA:76,0
DA:77,0
DA:79,0
DA:80,0
DA:82,0
LF:35
LH:0
BRDA:14,0,0,0
BRDA:14,0,1,0
BRDA:14,1,0,0
BRDA:14,1,1,0
BRDA:33,2,0,0
BRDA:33,2,1,0
BRDA:38,3,0,0
BRDA:38,3,1,0
BRDA:48,4,0,0
BRDA:48,4,1,0
BRDA:49,5,0,0
BRDA:49,5,1,0
BRDA:60,6,0,0
BRDA:60,6,1,0
BRDA:64,7,0,0
BRDA:64,7,1,0
BRDA:68,8,0,0
BRDA:68,8,1,0
BRDA:76,9,0,0
BRDA:76,9,1,0
BRDA:79,10,0,0
BRDA:79,10,1,0
BRF:22
BRH:0
end_of_record
TN:
SF:src/middleware/errorHandler.ts
FN:4,errorHandler
FNF:1
FNH:1
FNDA:9,errorHandler
DA:2,2
DA:4,2
DA:10,9
DA:11,8
DA:14,1
DA:15,1
LF:6
LH:6
BRDA:10,0,0,8
BRDA:10,0,1,1
BRF:2
BRH:2
end_of_record
TN:
SF:src/middleware/security.ts
FN:9,sanitizeInputs
FN:10,(anonymous_2)
FN:13,(anonymous_3)
FN:22,(anonymous_4)
FN:35,(anonymous_5)
FN:72,(anonymous_6)
FN:85,(anonymous_7)
FN:104,validatePassword
FN:160,validateEmail
FN:187,securityLogger
FN:191,(anonymous_11)
FN:218,shouldLogEvent
FN:237,getEventType
FN:248,getAuditData
FN:265,recordFailedLogin
FN:287,recordSuccessfulLogin
FN:292,isAccountLocked
FN:310,cleanupFailedAttempts
FN:327,securityHeaders
FNF:19
FNH:0
FNDA:0,sanitizeInputs
FNDA:0,(anonymous_2)
FNDA:0,(anonymous_3)
FNDA:0,(anonymous_4)
FNDA:0,(anonymous_5)
FNDA:0,(anonymous_6)
FNDA:0,(anonymous_7)
FNDA:0,validatePassword
FNDA:0,validateEmail
FNDA:0,securityLogger
FNDA:0,(anonymous_11)
FNDA:0,shouldLogEvent
FNDA:0,getEventType
FNDA:0,getAuditData
FNDA:0,recordFailedLogin
FNDA:0,recordSuccessfulLogin
FNDA:0,isAccountLocked
FNDA:0,cleanupFailedAttempts
FNDA:0,securityHeaders
DA:2,0
DA:9,0
DA:10,0
DA:11,0
DA:12,0
DA:14,0
DA:15,0
DA:16,0
DA:17,0
DA:18,0
DA:19,0
DA:23,0
DA:24,0
DA:25,0
DA:26,0
DA:27,0
DA:28,0
DA:29,0
DA:30,0
DA:35,0
DA:36,0
DA:37,0
DA:38,0
DA:39,0
DA:40,0
DA:41,0
DA:42,0
DA:43,0
DA:46,0
DA:48,0
DA:51,0
DA:52,0
DA:53,0
DA:55,0
DA:61,0
DA:72,0
DA:85,0
DA:104,0
DA:105,0
DA:107,0
DA:108,0
DA:109,0
DA:112,0
DA:113,0
DA:116,0
DA:117,0
DA:120,0
DA:121,0
DA:124,0
DA:125,0
DA:128,0
DA:129,0
DA:132,0
DA:133,0
DA:137,0
DA:142,0
DA:143,0
DA:147,0
DA:148,0
DA:151,0
DA:160,0
DA:161,0
DA:163,0
DA:164,0
DA:165,0
DA:168,0
DA:169,0
DA:170,0
DA:173,0
DA:174,0
DA:177,0
DA:187,0
DA:188,0
DA:189,0
DA:191,0
DA:192,0
DA:195,0
DA:196,0
DA:209,0
DA:212,0
DA:215,0
DA:220,0
DA:223,0
DA:226,0
DA:229,0
DA:232,0
DA:234,0
DA:238,0
DA:239,0
DA:240,0
DA:241,0
DA:242,0
DA:243,0
DA:244,0
DA:245,0
DA:249,0
DA:252,0
DA:253,0
DA:254,0
DA:256,0
DA:263,0
DA:265,0
DA:266,0
DA:267,0
DA:268,0
DA:270,0
DA:271,0
DA:274,0
DA:275,0
DA:276,0
DA:279,0
DA:282,0
DA:283,0
DA:287,0
DA:288,0
DA:289,0
DA:292,0
DA:293,0
DA:294,0
DA:296,0
DA:297,0
DA:300,0
DA:301,0
DA:302,0
DA:306,0
DA:307,0
DA:311,0
DA:312,0
DA:314,0
DA:315,0
DA:318,0
DA:319,0
DA:327,0
DA:329,0
DA:330,0
DA:333,0
DA:334,0
DA:335,0
DA:336,0
DA:337,0
DA:338,0
DA:341,0
DA:342,0
DA:354,0
LF:144
LH:0
BRDA:11,0,0,0
BRDA:11,0,1,0
BRDA:14,1,0,0
BRDA:14,1,1,0
BRDA:14,1,2,0
BRDA:14,1,3,0
BRDA:14,1,4,0
BRDA:23,2,0,0
BRDA:23,2,1,0
BRDA:23,2,2,0
BRDA:23,2,3,0
BRDA:23,2,4,0
BRDA:23,2,5,0
BRDA:23,2,6,0
BRDA:36,3,0,0
BRDA:36,3,1,0
BRDA:36,4,0,0
BRDA:36,4,1,0
BRDA:37,5,0,0
BRDA:37,5,1,0
BRDA:38,6,0,0
BRDA:38,6,1,0
BRDA:39,7,0,0
BRDA:39,7,1,0
BRDA:42,8,0,0
BRDA:42,8,1,0
BRDA:51,9,0,0
BRDA:51,9,1,0
BRDA:52,10,0,0
BRDA:52,10,1,0
BRDA:53,11,0,0
BRDA:53,11,1,0
BRDA:72,12,0,0
BRDA:72,12,1,0
BRDA:85,13,0,0
BRDA:85,13,1,0
BRDA:107,14,0,0
BRDA:107,14,1,0
BRDA:112,15,0,0
BRDA:112,15,1,0
BRDA:116,16,0,0
BRDA:116,16,1,0
BRDA:120,17,0,0
BRDA:120,17,1,0
BRDA:124,18,0,0
BRDA:124,18,1,0
BRDA:128,19,0,0
BRDA:128,19,1,0
BRDA:132,20,0,0
BRDA:132,20,1,0
BRDA:142,21,0,0
BRDA:142,21,1,0
BRDA:147,22,0,0
BRDA:147,22,1,0
BRDA:163,23,0,0
BRDA:163,23,1,0
BRDA:169,24,0,0
BRDA:169,24,1,0
BRDA:173,25,0,0
BRDA:173,25,1,0
BRDA:195,26,0,0
BRDA:195,26,1,0
BRDA:220,27,0,0
BRDA:220,27,1,0
BRDA:223,28,0,0
BRDA:223,28,1,0
BRDA:226,29,0,0
BRDA:226,29,1,0
BRDA:229,30,0,0
BRDA:229,30,1,0
BRDA:232,31,0,0
BRDA:232,31,1,0
BRDA:238,32,0,0
BRDA:238,32,1,0
BRDA:239,33,0,0
BRDA:239,33,1,0
BRDA:240,34,0,0
BRDA:240,34,1,0
BRDA:241,35,0,0
BRDA:241,35,1,0
BRDA:242,36,0,0
BRDA:242,36,1,0
BRDA:243,37,0,0
BRDA:243,37,1,0
BRDA:243,38,0,0
BRDA:243,38,1,0
BRDA:244,39,0,0
BRDA:244,39,1,0
BRDA:252,40,0,0
BRDA:252,40,1,0
BRDA:253,41,0,0
BRDA:253,41,1,0
BRDA:254,42,0,0
BRDA:254,42,1,0
BRDA:268,43,0,0
BRDA:268,43,1,0
BRDA:274,44,0,0
BRDA:274,44,1,0
BRDA:282,45,0,0
BRDA:282,45,1,0
BRDA:296,46,0,0
BRDA:296,46,1,0
BRDA:296,47,0,0
BRDA:296,47,1,0
BRDA:301,48,0,0
BRDA:301,48,1,0
BRDA:314,49,0,0
BRDA:314,49,1,0
BRDA:318,50,0,0
BRDA:318,50,1,0
BRDA:318,51,0,0
BRDA:318,51,1,0
BRDA:341,52,0,0
BRDA:341,52,1,0
BRF:114
BRH:0
end_of_record
TN:
SF:src/middleware/validate.ts
FN:4,validateBody
FN:5,(anonymous_1)
FNF:2
FNH:0
FNDA:0,validateBody
FNDA:0,(anonymous_1)
DA:2,0
DA:4,0
DA:5,0
DA:6,0
DA:7,0
DA:8,0
DA:9,0
DA:11,0
DA:12,0
DA:13,0
DA:15,0
DA:16,0
DA:18,0
DA:19,0
DA:23,0
LF:15
LH:0
BRDA:8,0,0,0
BRDA:8,0,1,0
BRDA:8,1,0,0
BRDA:8,1,1,0
BRDA:8,1,2,0
BRDA:8,1,3,0
BRDA:11,2,0,0
BRDA:11,2,1,0
BRDA:11,3,0,0
BRDA:11,3,1,0
BRDA:12,4,0,0
BRDA:12,4,1,0
BRDA:12,5,0,0
BRDA:12,5,1,0
BRDA:15,6,0,0
BRDA:15,6,1,0
BRDA:15,7,0,0
BRDA:15,7,1,0
BRDA:18,8,0,0
BRDA:18,8,1,0
BRDA:18,9,0,0
BRDA:18,9,1,0
BRF:22
BRH:0
end_of_record
TN:
SF:src/routes/audit.ts
FNF:0
FNH:0
DA:1,0
DA:2,0
DA:3,0
DA:8,0
DA:10,0
DA:12,0
DA:13,0
DA:15,0
LF:8
LH:0
BRF:0
BRH:0
end_of_record
TN:
SF:src/routes/auth.ts
FNF:0
FNH:0
DA:1,0
DA:2,0
DA:3,0
DA:5,0
DA:7,0
DA:8,0
DA:9,0
DA:10,0
DA:12,0
LF:9
LH:0
BRF:0
BRH:0
end_of_record
TN:
SF:src/routes/ble.ts
FNF:0
FNH:0
DA:1,0
DA:2,0
DA:3,0
DA:15,0
DA:28,0
DA:31,0
DA:32,0
DA:33,0
DA:34,0
DA:35,0
DA:38,0
DA:39,0
DA:40,0
DA:41,0
DA:42,0
DA:45,0
DA:46,0
DA:47,0
DA:48,0
DA:49,0
DA:50,0
DA:51,0
DA:52,0
DA:53,0
DA:56,0
DA:57,0
DA:58,0
DA:60,0
LF:28
LH:0
BRF:0
BRH:0
end_of_record
TN:
SF:src/routes/dashboard.ts
FNF:0
FNH:0
DA:1,0
DA:2,0
DA:3,0
DA:9,0
DA:11,0
DA:13,0
DA:14,0
DA:15,0
DA:17,0
LF:9
LH:0
BRF:0
BRH:0
end_of_record
TN:
SF:src/routes/devices.ts
FNF:0
FNH:0
DA:1,0
DA:2,0
DA:3,0
DA:16,0
DA:19,0
DA:20,0
DA:21,0
DA:24,0
DA:25,0
DA:26,0
DA:27,0
DA:28,0
DA:29,0
DA:32,0
DA:34,0
LF:15
LH:0
BRF:0
BRH:0
end_of_record
TN:
SF:src/routes/documents.ts
FNF:0
FNH:0
DA:1,0
DA:2,0
DA:3,0
DA:27,0
DA:29,0
DA:30,0
DA:32,0
DA:35,0
DA:36,0
DA:37,0
DA:38,0
DA:39,0
DA:40,0
DA:41,0
DA:42,0
DA:45,0
DA:46,0
DA:47,0
DA:48,0
DA:49,0
DA:50,0
DA:51,0
DA:52,0
DA:53,0
DA:54,0
DA:55,0
DA:56,0
DA:57,0
DA:58,0
DA:60,0
LF:30
LH:0
BRF:0
BRH:0
end_of_record
TN:
SF:src/routes/inventory.ts
FNF:0
FNH:0
DA:1,0
DA:2,0
DA:21,0
DA:23,0
DA:25,0
DA:28,0
DA:29,0
DA:30,0
DA:31,0
DA:32,0
DA:35,0
DA:36,0
DA:37,0
DA:38,0
DA:41,0
DA:42,0
DA:43,0
DA:44,0
DA:45,0
DA:46,0
DA:47,0
DA:50,0
DA:51,0
DA:53,0
LF:24
LH:0
BRF:0
BRH:0
end_of_record
TN:
SF:src/routes/onlyoffice.ts
FN:16,(anonymous_1)
FN:42,(anonymous_2)
FN:61,downloadFile
FN:62,(anonymous_4)
FN:66,(anonymous_5)
FN:79,(anonymous_6)
FN:80,(anonymous_7)
FN:86,(anonymous_8)
FNF:8
FNH:0
FNDA:0,(anonymous_1)
FNDA:0,(anonymous_2)
FNDA:0,downloadFile
FNDA:0,(anonymous_4)
FNDA:0,(anonymous_5)
FNDA:0,(anonymous_6)
FNDA:0,(anonymous_7)
FNDA:0,(anonymous_8)
DA:1,0
DA:2,0
DA:3,0
DA:4,0
DA:5,0
DA:6,0
DA:7,0
DA:8,0
DA:9,0
DA:10,0
DA:11,0
DA:13,0
DA:16,0
DA:17,0
DA:18,0
DA:19,0
DA:22,0
DA:25,0
DA:26,0
DA:27,0
DA:30,0
DA:32,0
DA:37,0
DA:42,0
DA:43,0
DA:44,0
DA:45,0
DA:46,0
DA:48,0
DA:49,0
DA:52,0
DA:53,0
DA:54,0
DA:56,0
DA:62,0
DA:63,0
DA:64,0
DA:66,0
DA:67,0
DA:69,0
DA:70,0
DA:73,0
DA:74,0
DA:75,0
DA:78,0
DA:79,0
DA:80,0
DA:81,0
DA:86,0
DA:87,0
DA:88,0
DA:92,0
DA:93,0
DA:95,0
DA:98,0
DA:101,0
DA:102,0
DA:103,0
DA:104,0
DA:108,0
DA:109,0
DA:110,0
DA:113,0
DA:114,0
DA:117,0
DA:118,0
DA:119,0
DA:123,0
DA:127,0
DA:128,0
DA:129,0
DA:133,0
DA:134,0
DA:137,0
DA:144,0
DA:153,0
DA:162,0
DA:164,0
DA:168,0
LF:79
LH:0
BRDA:26,0,0,0
BRDA:26,0,1,0
BRDA:26,1,0,0
BRDA:26,1,1,0
BRDA:30,2,0,0
BRDA:30,2,1,0
BRDA:48,3,0,0
BRDA:48,3,1,0
BRDA:64,4,0,0
BRDA:64,4,1,0
BRDA:67,5,0,0
BRDA:67,5,1,0
BRDA:67,6,0,0
BRDA:67,6,1,0
BRDA:67,6,2,0
BRDA:67,6,3,0
BRDA:73,7,0,0
BRDA:73,7,1,0
BRDA:73,8,0,0
BRDA:73,8,1,0
BRDA:73,8,2,0
BRDA:101,9,0,0
BRDA:101,9,1,0
BRDA:101,10,0,0
BRDA:101,10,1,0
BRDA:103,11,0,0
BRDA:103,11,1,0
BRDA:110,12,0,0
BRDA:110,12,1,0
BRDA:118,13,0,0
BRDA:118,13,1,0
BRDA:128,14,0,0
BRDA:128,14,1,0
BRF:33
BRH:0
end_of_record
TN:
SF:src/routes/public.ts
FN:19,getPublicBorrowerId
FN:37,(anonymous_1)
FN:55,(anonymous_2)
FN:72,(anonymous_3)
FN:83,(anonymous_4)
FN:103,(anonymous_5)
FN:107,(anonymous_6)
FNF:7
FNH:0
FNDA:0,getPublicBorrowerId
FNDA:0,(anonymous_1)
FNDA:0,(anonymous_2)
FNDA:0,(anonymous_3)
FNDA:0,(anonymous_4)
FNDA:0,(anonymous_5)
FNDA:0,(anonymous_6)
DA:1,0
DA:2,0
DA:8,0
DA:9,0
DA:10,0
DA:12,0
DA:16,0
DA:17,0
DA:21,0
DA:28,0
DA:37,0
DA:38,0
DA:39,0
DA:40,0
DA:45,0
DA:47,0
DA:55,0
DA:56,0
DA:57,0
DA:58,0
DA:60,0
DA:72,0
DA:73,0
DA:74,0
DA:76,0
DA:77,0
DA:79,0
DA:80,0
DA:83,0
DA:89,0
DA:91,0
DA:94,0
DA:102,0
DA:103,0
DA:106,0
DA:107,0
DA:109,0
DA:111,0
DA:115,0
LF:39
LH:0
BRDA:76,0,0,0
BRDA:76,0,1,0
BRDA:76,1,0,0
BRDA:76,1,1,0
BRDA:76,1,2,0
BRDA:76,1,3,0
BRDA:79,2,0,0
BRDA:79,2,1,0
BRDA:79,3,0,0
BRDA:79,3,1,0
BRDA:79,3,2,0
BRF:11
BRH:0
end_of_record
TN:
SF:src/routes/reports.ts
FNF:0
FNH:0
DA:1,0
DA:2,0
DA:3,0
DA:10,0
DA:12,0
DA:14,0
DA:15,0
DA:16,0
DA:17,0
DA:19,0
LF:10
LH:0
BRF:0
BRH:0
end_of_record
TN:
SF:src/routes/userStatus.ts
FNF:0
FNH:0
DA:1,0
DA:2,0
DA:14,0
DA:16,0
DA:19,0
DA:22,0
DA:23,0
DA:24,0
DA:25,0
DA:26,0
DA:29,0
DA:30,0
DA:31,0
DA:32,0
DA:33,0
DA:35,0
LF:16
LH:0
BRF:0
BRH:0
end_of_record
TN:
SF:src/routes/users.ts
FNF:0
FNH:0
DA:1,0
DA:2,0
DA:12,0
DA:14,0
DA:16,0
DA:18,0
DA:19,0
DA:20,0
DA:21,0
DA:22,0
DA:23,0
DA:24,0
DA:25,0
DA:27,0
LF:14
LH:0
BRF:0
BRH:0
end_of_record
TN:
SF:src/services/batchDocumentService.ts
FN:8,uploadDocumentsBatch
FN:17,(anonymous_2)
FN:149,getDocumentsByBatchId
FNF:3
FNH:0
FNDA:0,uploadDocumentsBatch
FNDA:0,(anonymous_2)
FNDA:0,getDocumentsByBatchId
DA:1,0
DA:2,0
DA:3,0
DA:4,0
DA:5,0
DA:8,0
DA:14,0
DA:15,0
DA:17,0
DA:18,0
DA:19,0
DA:20,0
DA:21,0
DA:22,0
DA:23,0
DA:26,0
DA:28,0
DA:29,0
DA:30,0
DA:33,0
DA:43,0
DA:44,0
DA:46,0
DA:49,0
DA:52,0
DA:59,0
DA:66,0
DA:70,0
DA:74,0
DA:75,0
DA:76,0
DA:77,0
DA:78,0
DA:79,0
DA:88,0
DA:89,0
DA:91,0
DA:94,0
DA:101,0
DA:105,0
DA:109,0
DA:110,0
DA:115,0
DA:119,0
DA:126,0
DA:133,0
DA:134,0
DA:137,0
DA:146,0
DA:149,0
DA:150,0
DA:154,0
LF:52
LH:0
BRDA:12,0,0,0
BRDA:33,1,0,0
BRDA:33,1,1,0
BRDA:43,2,0,0
BRDA:43,2,1,0
BRDA:46,3,0,0
BRDA:46,3,1,0
BRDA:46,3,2,0
BRDA:79,4,0,0
BRDA:79,4,1,0
BRDA:88,5,0,0
BRDA:88,5,1,0
BRDA:133,6,0,0
BRDA:133,6,1,0
BRDA:140,7,0,0
BRDA:140,7,1,0
BRF:16
BRH:0
end_of_record
TN:
SF:src/services/bleService.ts
FN:17,toDeviceResponse
FN:35,listRooms
FN:40,getRoomById
FN:46,createRoom
FN:73,updateRoom
FN:94,softDeleteRoom
FN:101,listDevices
FN:112,getDeviceById
FN:124,getDeviceByCode
FN:129,createDevice
FN:159,updateDeviceRoom
FN:168,updateDeviceLabel
FN:177,updateDeviceName
FN:186,updateDeviceRssiRange
FN:195,softDeleteDevice
FN:199,recordDeviceHeartbeat
FN:212,markDeviceOffline
FN:219,toTagResponse
FN:233,listBleTags
FN:244,getBleTagById
FN:250,getBleTagByCode
FN:255,createBleTag
FN:288,updateBleTag
FN:307,assignTagToItem
FN:355,unassignTag
FN:397,softDeleteBleTag
FN:440,getPresenceByItemId
FN:448,upsertPresenceState
FN:474,markItemMissing
FN:485,markItemStatusFromItem
FN:497,appendLocationHistory
FN:517,logDeviceEvent
FN:534,logAudit
FN:558,processBleScan
FN:785,runMissingDetectionJob
FN:836,runDeviceOfflineJob
FN:904,listPresenceStates
FN:917,getLocationHistory
FN:934,getPresenceDetail
FNF:39
FNH:0
FNDA:0,toDeviceResponse
FNDA:0,listRooms
FNDA:0,getRoomById
FNDA:0,createRoom
FNDA:0,updateRoom
FNDA:0,softDeleteRoom
FNDA:0,listDevices
FNDA:0,getDeviceById
FNDA:0,getDeviceByCode
FNDA:0,createDevice
FNDA:0,updateDeviceRoom
FNDA:0,updateDeviceLabel
FNDA:0,updateDeviceName
FNDA:0,updateDeviceRssiRange
FNDA:0,softDeleteDevice
FNDA:0,recordDeviceHeartbeat
FNDA:0,markDeviceOffline
FNDA:0,toTagResponse
FNDA:0,listBleTags
FNDA:0,getBleTagById
FNDA:0,getBleTagByCode
FNDA:0,createBleTag
FNDA:0,updateBleTag
FNDA:0,assignTagToItem
FNDA:0,unassignTag
FNDA:0,softDeleteBleTag
FNDA:0,getPresenceByItemId
FNDA:0,upsertPresenceState
FNDA:0,markItemMissing
FNDA:0,markItemStatusFromItem
FNDA:0,appendLocationHistory
FNDA:0,logDeviceEvent
FNDA:0,logAudit
FNDA:0,processBleScan
FNDA:0,runMissingDetectionJob
FNDA:0,runDeviceOfflineJob
FNDA:0,listPresenceStates
FNDA:0,getLocationHistory
FNDA:0,getPresenceDetail
DA:1,0
DA:2,0
DA:12,0
DA:13,0
DA:18,0
DA:19,0
DA:35,0
DA:36,0
DA:37,0
DA:40,0
DA:41,0
DA:42,0
DA:43,0
DA:46,0
DA:47,0
DA:48,0
DA:49,0
DA:50,0
DA:51,0
DA:60,0
DA:62,0
DA:65,0
DA:70,0
DA:73,0
DA:74,0
DA:75,0
DA:76,0
DA:78,0
DA:79,0
DA:80,0
DA:81,0
DA:83,0
DA:84,0
DA:86,0
DA:90,0
DA:91,0
DA:94,0
DA:95,0
DA:96,0
DA:101,0
DA:102,0
DA:109,0
DA:112,0
DA:113,0
DA:120,0
DA:121,0
DA:124,0
DA:125,0
DA:126,0
DA:129,0
DA:131,0
DA:132,0
DA:133,0
DA:135,0
DA:146,0
DA:148,0
DA:151,0
DA:156,0
DA:159,0
DA:160,0
DA:164,0
DA:165,0
DA:168,0
DA:169,0
DA:173,0
DA:174,0
DA:177,0
DA:178,0
DA:182,0
DA:183,0
DA:186,0
DA:187,0
DA:191,0
DA:192,0
DA:195,0
DA:196,0
DA:199,0
DA:200,0
DA:201,0
DA:203,0
DA:209,0
DA:212,0
DA:213,0
DA:220,0
DA:233,0
DA:234,0
DA:241,0
DA:244,0
DA:245,0
DA:246,0
DA:247,0
DA:250,0
DA:251,0
DA:252,0
DA:255,0
DA:256,0
DA:257,0
DA:258,0
DA:259,0
DA:275,0
DA:277,0
DA:280,0
DA:285,0
DA:288,0
DA:289,0
DA:290,0
DA:291,0
DA:293,0
DA:294,0
DA:296,0
DA:297,0
DA:299,0
DA:303,0
DA:304,0
DA:307,0
DA:309,0
DA:313,0
DA:316,0
DA:322,0
DA:328,0
DA:331,0
DA:332,0
DA:344,0
DA:352,0
DA:355,0
DA:357,0
DA:361,0
DA:363,0
DA:365,0
DA:373,0
DA:374,0
DA:386,0
DA:394,0
DA:397,0
DA:399,0
DA:403,0
DA:405,0
DA:408,0
DA:409,0
DA:421,0
DA:430,0
DA:440,0
DA:441,0
DA:445,0
DA:448,0
DA:456,0
DA:471,0
DA:474,0
DA:475,0
DA:485,0
DA:486,0
DA:497,0
DA:505,0
DA:512,0
DA:517,0
DA:525,0
DA:534,0
DA:542,0
DA:558,0
DA:559,0
DA:560,0
DA:561,0
DA:563,0
DA:564,0
DA:565,0
DA:569,0
DA:570,0
DA:571,0
DA:572,0
DA:573,0
DA:574,0
DA:575,0
DA:576,0
DA:579,0
DA:580,0
DA:582,0
DA:585,0
DA:588,0
DA:589,0
DA:590,0
DA:591,0
DA:595,0
DA:605,0
DA:606,0
DA:607,0
DA:610,0
DA:613,0
DA:614,0
DA:615,0
DA:619,0
DA:620,0
DA:621,0
DA:623,0
DA:625,0
DA:626,0
DA:634,0
DA:635,0
DA:640,0
DA:641,0
DA:645,0
DA:646,0
DA:649,0
DA:651,0
DA:653,0
DA:654,0
DA:662,0
DA:670,0
DA:674,0
DA:683,0
DA:692,0
DA:696,0
DA:698,0
DA:706,0
DA:714,0
DA:715,0
DA:719,0
DA:723,0
DA:724,0
DA:725,0
DA:727,0
DA:729,0
DA:737,0
DA:743,0
DA:744,0
DA:745,0
DA:754,0
DA:757,0
DA:758,0
DA:759,0
DA:762,0
DA:771,0
DA:785,0
DA:786,0
DA:787,0
DA:789,0
DA:796,0
DA:797,0
DA:798,0
DA:799,0
DA:809,0
DA:821,0
DA:825,0
DA:836,0
DA:837,0
DA:838,0
DA:840,0
DA:848,0
DA:849,0
DA:852,0
DA:864,0
DA:868,0
DA:874,0
DA:875,0
DA:876,0
DA:877,0
DA:885,0
DA:897,0
DA:904,0
DA:905,0
DA:914,0
DA:917,0
DA:918,0
DA:931,0
DA:934,0
DA:935,0
DA:945,0
DA:959,0
DA:960,0
LF:268
LH:0
BRDA:18,0,0,0
BRDA:18,0,1,0
BRDA:22,1,0,0
BRDA:22,1,1,0
BRDA:22,1,2,0
BRDA:23,2,0,0
BRDA:23,2,1,0
BRDA:24,3,0,0
BRDA:24,3,1,0
BRDA:25,4,0,0
BRDA:25,4,1,0
BRDA:26,5,0,0
BRDA:26,5,1,0
BRDA:27,6,0,0
BRDA:27,6,1,0
BRDA:28,7,0,0
BRDA:28,7,1,0
BRDA:29,8,0,0
BRDA:29,8,1,0
BRDA:29,9,0,0
BRDA:29,9,1,0
BRDA:42,10,0,0
BRDA:42,10,1,0
BRDA:48,11,0,0
BRDA:48,11,1,0
BRDA:50,12,0,0
BRDA:50,12,1,0
BRDA:58,13,0,0
BRDA:58,13,1,0
BRDA:58,14,0,0
BRDA:58,14,1,0
BRDA:58,15,0,0
BRDA:58,15,1,0
BRDA:68,16,0,0
BRDA:68,16,1,0
BRDA:68,17,0,0
BRDA:68,17,1,0
BRDA:68,18,0,0
BRDA:68,18,1,0
BRDA:78,19,0,0
BRDA:78,19,1,0
BRDA:79,20,0,0
BRDA:79,20,1,0
BRDA:80,21,0,0
BRDA:80,21,1,0
BRDA:81,22,0,0
BRDA:81,22,1,0
BRDA:83,23,0,0
BRDA:83,23,1,0
BRDA:90,24,0,0
BRDA:90,24,1,0
BRDA:96,25,0,0
BRDA:96,25,1,0
BRDA:120,26,0,0
BRDA:120,26,1,0
BRDA:126,27,0,0
BRDA:126,27,1,0
BRDA:132,28,0,0
BRDA:132,28,1,0
BRDA:133,29,0,0
BRDA:133,29,1,0
BRDA:144,30,0,0
BRDA:144,30,1,0
BRDA:144,31,0,0
BRDA:144,31,1,0
BRDA:144,32,0,0
BRDA:144,32,1,0
BRDA:144,33,0,0
BRDA:144,33,1,0
BRDA:154,34,0,0
BRDA:154,34,1,0
BRDA:154,35,0,0
BRDA:154,35,1,0
BRDA:154,36,0,0
BRDA:154,36,1,0
BRDA:154,37,0,0
BRDA:154,37,1,0
BRDA:164,38,0,0
BRDA:164,38,1,0
BRDA:173,39,0,0
BRDA:173,39,1,0
BRDA:182,40,0,0
BRDA:182,40,1,0
BRDA:191,41,0,0
BRDA:191,41,1,0
BRDA:201,42,0,0
BRDA:201,42,1,0
BRDA:223,43,0,0
BRDA:223,43,1,0
BRDA:224,44,0,0
BRDA:224,44,1,0
BRDA:225,45,0,0
BRDA:225,45,1,0
BRDA:226,46,0,0
BRDA:226,46,1,0
BRDA:227,47,0,0
BRDA:227,47,1,0
BRDA:227,48,0,0
BRDA:227,48,1,0
BRDA:246,49,0,0
BRDA:246,49,1,0
BRDA:252,50,0,0
BRDA:252,50,1,0
BRDA:257,51,0,0
BRDA:257,51,1,0
BRDA:258,52,0,0
BRDA:258,52,1,0
BRDA:268,53,0,0
BRDA:268,53,1,0
BRDA:269,54,0,0
BRDA:269,54,1,0
BRDA:270,55,0,0
BRDA:270,55,1,0
BRDA:271,56,0,0
BRDA:271,56,1,0
BRDA:283,57,0,0
BRDA:283,57,1,0
BRDA:283,58,0,0
BRDA:283,58,1,0
BRDA:283,59,0,0
BRDA:283,59,1,0
BRDA:283,60,0,0
BRDA:283,60,1,0
BRDA:293,61,0,0
BRDA:293,61,1,0
BRDA:294,62,0,0
BRDA:294,62,1,0
BRDA:296,63,0,0
BRDA:296,63,1,0
BRDA:303,64,0,0
BRDA:303,64,1,0
BRDA:313,65,0,0
BRDA:313,65,1,0
BRDA:328,66,0,0
BRDA:328,66,1,0
BRDA:331,67,0,0
BRDA:331,67,1,0
BRDA:331,68,0,0
BRDA:331,68,1,0
BRDA:361,69,0,0
BRDA:361,69,1,0
BRDA:373,70,0,0
BRDA:373,70,1,0
BRDA:403,71,0,0
BRDA:403,71,1,0
BRDA:408,72,0,0
BRDA:408,72,1,0
BRDA:445,73,0,0
BRDA:445,73,1,0
BRDA:510,74,0,0
BRDA:510,74,1,0
BRDA:528,75,0,0
BRDA:528,75,1,0
BRDA:528,76,0,0
BRDA:528,76,1,0
BRDA:528,77,0,0
BRDA:528,77,1,0
BRDA:546,78,0,0
BRDA:546,78,1,0
BRDA:549,79,0,0
BRDA:549,79,1,0
BRDA:550,80,0,0
BRDA:550,80,1,0
BRDA:551,81,0,0
BRDA:551,81,1,0
BRDA:563,82,0,0
BRDA:563,82,1,0
BRDA:563,83,0,0
BRDA:563,83,1,0
BRDA:570,84,0,0
BRDA:570,84,1,0
BRDA:571,85,0,0
BRDA:571,85,1,0
BRDA:572,86,0,0
BRDA:572,86,1,0
BRDA:573,87,0,0
BRDA:573,87,1,0
BRDA:574,88,0,0
BRDA:574,88,1,0
BRDA:575,89,0,0
BRDA:575,89,1,0
BRDA:576,90,0,0
BRDA:576,90,1,0
BRDA:580,91,0,0
BRDA:580,91,1,0
BRDA:585,92,0,0
BRDA:585,92,1,0
BRDA:589,93,0,0
BRDA:589,93,1,0
BRDA:589,94,0,0
BRDA:589,94,1,0
BRDA:589,94,2,0
BRDA:589,94,3,0
BRDA:597,95,0,0
BRDA:597,95,1,0
BRDA:605,96,0,0
BRDA:605,96,1,0
BRDA:606,97,0,0
BRDA:606,97,1,0
BRDA:610,98,0,0
BRDA:610,98,1,0
BRDA:613,99,0,0
BRDA:613,99,1,0
BRDA:620,100,0,0
BRDA:620,100,1,0
BRDA:623,101,0,0
BRDA:623,101,1,0
BRDA:623,102,0,0
BRDA:623,102,1,0
BRDA:640,103,0,0
BRDA:640,103,1,0
BRDA:646,104,0,0
BRDA:646,104,1,0
BRDA:651,105,0,0
BRDA:651,105,1,0
BRDA:653,106,0,0
BRDA:653,106,1,0
BRDA:653,107,0,0
BRDA:653,107,1,0
BRDA:687,108,0,0
BRDA:687,108,1,0
BRDA:696,109,0,0
BRDA:696,109,1,0
BRDA:714,110,0,0
BRDA:714,110,1,0
BRDA:719,111,0,0
BRDA:719,111,1,0
BRDA:720,112,0,0
BRDA:720,112,1,0
BRDA:723,113,0,0
BRDA:723,113,1,0
BRDA:727,114,0,0
BRDA:727,114,1,0
BRDA:727,115,0,0
BRDA:727,115,1,0
BRDA:727,115,2,0
BRDA:754,116,0,0
BRDA:754,116,1,0
BRDA:757,117,0,0
BRDA:757,117,1,0
BRDA:757,118,0,0
BRDA:757,118,1,0
BRDA:768,119,0,0
BRDA:768,119,1,0
BRDA:778,120,0,0
BRDA:778,120,1,0
BRDA:801,121,0,0
BRDA:801,121,1,0
BRDA:802,122,0,0
BRDA:802,122,1,0
BRDA:804,123,0,0
BRDA:804,123,1,0
BRDA:816,124,0,0
BRDA:816,124,1,0
BRDA:817,125,0,0
BRDA:817,125,1,0
BRDA:821,126,0,0
BRDA:821,126,1,0
BRDA:821,127,0,0
BRDA:821,127,1,0
BRDA:858,128,0,0
BRDA:858,128,1,0
BRDA:864,129,0,0
BRDA:864,129,1,0
BRDA:864,130,0,0
BRDA:864,130,1,0
BRDA:879,131,0,0
BRDA:879,131,1,0
BRDA:882,132,0,0
BRDA:882,132,1,0
BRDA:892,133,0,0
BRDA:892,133,1,0
BRDA:897,134,0,0
BRDA:897,134,1,0
BRDA:897,135,0,0
BRDA:897,135,1,0
BRDA:917,136,0,0
BRDA:962,137,0,0
BRDA:962,137,1,0
BRDA:963,138,0,0
BRDA:963,138,1,0
BRDA:964,139,0,0
BRDA:964,139,1,0
BRDA:965,140,0,0
BRDA:965,140,1,0
BRDA:966,141,0,0
BRDA:966,141,1,0
BRDA:967,142,0,0
BRDA:967,142,1,0
BRDA:968,143,0,0
BRDA:968,143,1,0
BRF:291
BRH:0
end_of_record
TN:
SF:src/services/documentService.ts
FN:16,higherPermission
FN:20,resolveDocumentPermission
FN:44,(anonymous_3)
FN:69,(anonymous_4)
FN:80,resolveFolderPermission
FN:103,(anonymous_6)
FN:115,listVisibleFolders
FN:150,createFolder
FN:184,renameFolder
FN:193,moveFolder
FN:210,softDeleteFolder
FN:211,(anonymous_12)
FN:219,listDocumentsInFolder
FN:227,getDocumentById
FN:233,findDocumentByFolderAndName
FN:241,createDocument
FN:284,updateDocumentVersion
FN:303,softDeleteDocument
FN:311,renameDocument
FN:322,createDocumentVersion
FN:338,listDocumentVersions
FN:348,listDocumentPermissions
FN:363,listFolderPermissions
FN:378,grantPermission
FN:430,revokePermission
FN:437,logActivity
FN:451,listDocumentActivity
FN:459,searchDocuments
FN:479,listAllAccessibleDocuments
FN:504,getStoragePath
FN:508,ensureStorageDir
FNF:31
FNH:0
FNDA:0,higherPermission
FNDA:0,resolveDocumentPermission
FNDA:0,(anonymous_3)
FNDA:0,(anonymous_4)
FNDA:0,resolveFolderPermission
FNDA:0,(anonymous_6)
FNDA:0,listVisibleFolders
FNDA:0,createFolder
FNDA:0,renameFolder
FNDA:0,moveFolder
FNDA:0,softDeleteFolder
FNDA:0,(anonymous_12)
FNDA:0,listDocumentsInFolder
FNDA:0,getDocumentById
FNDA:0,findDocumentByFolderAndName
FNDA:0,createDocument
FNDA:0,updateDocumentVersion
FNDA:0,softDeleteDocument
FNDA:0,renameDocument
FNDA:0,createDocumentVersion
FNDA:0,listDocumentVersions
FNDA:0,listDocumentPermissions
FNDA:0,listFolderPermissions
FNDA:0,grantPermission
FNDA:0,revokePermission
FNDA:0,logActivity
FNDA:0,listDocumentActivity
FNDA:0,searchDocuments
FNDA:0,listAllAccessibleDocuments
FNDA:0,getStoragePath
FNDA:0,ensureStorageDir
DA:1,0
DA:3,0
DA:4,0
DA:5,0
DA:6,0
DA:10,0
DA:17,0
DA:20,0
DA:26,0
DA:29,0
DA:34,0
DA:37,0
DA:43,0
DA:44,0
DA:48,0
DA:49,0
DA:50,0
DA:52,0
DA:54,0
DA:59,0
DA:62,0
DA:68,0
DA:69,0
DA:72,0
DA:73,0
DA:74,0
DA:77,0
DA:80,0
DA:86,0
DA:88,0
DA:89,0
DA:90,0
DA:94,0
DA:96,0
DA:102,0
DA:103,0
DA:106,0
DA:107,0
DA:108,0
DA:110,0
DA:115,0
DA:116,0
DA:117,0
DA:118,0
DA:121,0
DA:147,0
DA:150,0
DA:155,0
DA:159,0
DA:160,0
DA:161,0
DA:162,0
DA:170,0
DA:172,0
DA:175,0
DA:181,0
DA:184,0
DA:185,0
DA:189,0
DA:190,0
DA:193,0
DA:194,0
DA:195,0
DA:196,0
DA:197,0
DA:198,0
DA:199,0
DA:202,0
DA:206,0
DA:207,0
DA:210,0
DA:211,0
DA:212,0
DA:213,0
DA:219,0
DA:220,0
DA:224,0
DA:227,0
DA:228,0
DA:229,0
DA:230,0
DA:233,0
DA:234,0
DA:238,0
DA:241,0
DA:250,0
DA:254,0
DA:255,0
DA:256,0
DA:257,0
DA:270,0
DA:272,0
DA:275,0
DA:281,0
DA:284,0
DA:292,0
DA:299,0
DA:300,0
DA:303,0
DA:304,0
DA:308,0
DA:311,0
DA:312,0
DA:316,0
DA:317,0
DA:322,0
DA:329,0
DA:335,0
DA:338,0
DA:339,0
DA:343,0
DA:348,0
DA:349,0
DA:360,0
DA:363,0
DA:364,0
DA:375,0
DA:378,0
DA:388,0
DA:402,0
DA:403,0
DA:410,0
DA:413,0
DA:427,0
DA:430,0
DA:431,0
DA:432,0
DA:437,0
DA:444,0
DA:451,0
DA:452,0
DA:456,0
DA:459,0
DA:460,0
DA:461,0
DA:468,0
DA:471,0
DA:472,0
DA:473,0
DA:474,0
DA:476,0
DA:479,0
DA:484,0
DA:485,0
DA:488,0
DA:491,0
DA:494,0
DA:495,0
DA:496,0
DA:497,0
DA:499,0
DA:504,0
DA:505,0
DA:508,0
DA:509,0
DA:510,0
DA:511,0
LF:157
LH:0
BRDA:17,0,0,0
BRDA:17,0,1,0
BRDA:26,1,0,0
BRDA:26,1,1,0
BRDA:34,2,0,0
BRDA:34,2,1,0
BRDA:43,3,0,0
BRDA:43,3,1,0
BRDA:49,4,0,0
BRDA:49,4,1,0
BRDA:59,5,0,0
BRDA:59,5,1,0
BRDA:68,6,0,0
BRDA:68,6,1,0
BRDA:73,7,0,0
BRDA:73,7,1,0
BRDA:86,8,0,0
BRDA:86,8,1,0
BRDA:94,9,0,0
BRDA:94,9,1,0
BRDA:102,10,0,0
BRDA:102,10,1,0
BRDA:107,11,0,0
BRDA:107,11,1,0
BRDA:116,12,0,0
BRDA:116,12,1,0
BRDA:157,13,0,0
BRDA:157,13,1,0
BRDA:159,14,0,0
BRDA:159,14,1,0
BRDA:161,15,0,0
BRDA:161,15,1,0
BRDA:179,16,0,0
BRDA:179,16,1,0
BRDA:189,17,0,0
BRDA:189,17,1,0
BRDA:194,18,0,0
BRDA:194,18,1,0
BRDA:197,19,0,0
BRDA:197,19,1,0
BRDA:199,20,0,0
BRDA:199,20,1,0
BRDA:206,21,0,0
BRDA:206,21,1,0
BRDA:229,22,0,0
BRDA:229,22,1,0
BRDA:238,23,0,0
BRDA:238,23,1,0
BRDA:254,24,0,0
BRDA:254,24,1,0
BRDA:256,25,0,0
BRDA:256,25,1,0
BRDA:268,26,0,0
BRDA:268,26,1,0
BRDA:268,27,0,0
BRDA:268,27,1,0
BRDA:279,28,0,0
BRDA:279,28,1,0
BRDA:279,29,0,0
BRDA:279,29,1,0
BRDA:299,30,0,0
BRDA:299,30,1,0
BRDA:308,31,0,0
BRDA:308,31,1,0
BRDA:316,32,0,0
BRDA:316,32,1,0
BRDA:395,33,0,0
BRDA:395,33,1,0
BRDA:396,34,0,0
BRDA:396,34,1,0
BRDA:397,35,0,0
BRDA:397,35,1,0
BRDA:398,36,0,0
BRDA:398,36,1,0
BRDA:402,37,0,0
BRDA:402,37,1,0
BRDA:408,38,0,0
BRDA:408,38,1,0
BRDA:418,39,0,0
BRDA:418,39,1,0
BRDA:419,40,0,0
BRDA:419,40,1,0
BRDA:420,41,0,0
BRDA:420,41,1,0
BRDA:421,42,0,0
BRDA:421,42,1,0
BRDA:423,43,0,0
BRDA:423,43,1,0
BRDA:432,44,0,0
BRDA:432,44,1,0
BRDA:447,45,0,0
BRDA:447,45,1,0
BRDA:447,46,0,0
BRDA:447,46,1,0
BRDA:447,47,0,0
BRDA:447,47,1,0
BRDA:468,48,0,0
BRDA:468,48,1,0
BRDA:474,49,0,0
BRDA:474,49,1,0
BRDA:484,50,0,0
BRDA:484,50,1,0
BRDA:497,51,0,0
BRDA:497,51,1,0
BRDA:510,52,0,0
BRDA:510,52,1,0
BRF:106
BRH:0
end_of_record
TN:
SF:src/services/emailService.ts
FN:6,getTransporter
FN:29,sendOrLog
FN:53,getAdminStaffEmails
FN:63,(anonymous_4)
FN:67,getUserEmail
FN:76,getUserDisplayName
FN:89,notifyCheckoutCreated
FN:121,notifyCheckoutApproved
FN:149,notifyCheckoutRejected
FN:177,notifyPublicBorrowerSubmitted
FN:200,notifyPublicBorrowerApproved
FNF:11
FNH:0
FNDA:0,getTransporter
FNDA:0,sendOrLog
FNDA:0,getAdminStaffEmails
FNDA:0,(anonymous_4)
FNDA:0,getUserEmail
FNDA:0,getUserDisplayName
FNDA:0,notifyCheckoutCreated
FNDA:0,notifyCheckoutApproved
FNDA:0,notifyCheckoutRejected
FNDA:0,notifyPublicBorrowerSubmitted
FNDA:0,notifyPublicBorrowerApproved
DA:1,0
DA:2,0
DA:7,0
DA:8,0
DA:9,0
DA:10,0
DA:13,0
DA:14,0
DA:17,0
DA:25,0
DA:30,0
DA:32,0
DA:33,0
DA:34,0
DA:37,0
DA:38,0
DA:44,0
DA:46,0
DA:54,0
DA:63,0
DA:68,0
DA:72,0
DA:77,0
DA:81,0
DA:89,0
DA:95,0
DA:96,0
DA:97,0
DA:98,0
DA:101,0
DA:102,0
DA:113,0
DA:114,0
DA:121,0
DA:125,0
DA:126,0
DA:127,0
DA:128,0
DA:131,0
DA:133,0
DA:134,0
DA:143,0
DA:149,0
DA:153,0
DA:154,0
DA:155,0
DA:156,0
DA:159,0
DA:161,0
DA:162,0
DA:171,0
DA:177,0
DA:182,0
DA:183,0
DA:193,0
DA:200,0
DA:205,0
DA:206,0
DA:217,0
LF:59
LH:0
BRDA:7,0,0,0
BRDA:7,0,1,0
BRDA:8,1,0,0
BRDA:8,1,1,0
BRDA:9,2,0,0
BRDA:9,2,1,0
BRDA:10,3,0,0
BRDA:10,3,1,0
BRDA:13,4,0,0
BRDA:13,4,1,0
BRDA:13,5,0,0
BRDA:13,5,1,0
BRDA:13,5,2,0
BRDA:13,5,3,0
BRDA:21,6,0,0
BRDA:21,6,1,0
BRDA:25,7,0,0
BRDA:25,7,1,0
BRDA:32,8,0,0
BRDA:32,8,1,0
BRDA:72,9,0,0
BRDA:72,9,1,0
BRDA:81,10,0,0
BRDA:81,10,1,0
BRDA:96,11,0,0
BRDA:96,11,1,0
BRDA:126,12,0,0
BRDA:126,12,1,0
BRDA:131,13,0,0
BRDA:131,13,1,0
BRDA:154,14,0,0
BRDA:154,14,1,0
BRDA:159,15,0,0
BRDA:159,15,1,0
BRF:34
BRH:0
end_of_record
TN:
SF:src/services/inventoryService.ts
FN:23,listItems
FN:92,getItemById
FN:110,createItem
FN:136,updateItem
FN:183,softDeleteItem
FN:193,listLotsByItem
FN:205,getLotById
FN:217,createLot
FN:256,updateLot
FN:308,createCheckout
FN:320,(anonymous_10)
FN:395,getCheckoutById
FN:418,approveCheckout
FN:422,(anonymous_13)
FN:474,rejectCheckout
FN:503,listCheckouts
FN:547,createReturn
FN:557,(anonymous_17)
FN:646,(anonymous_18)
FN:649,(anonymous_19)
FN:673,cancelCheckout
FN:676,(anonymous_21)
FN:732,scanCode
FN:771,logInventoryActivity
FNF:24
FNH:0
FNDA:0,listItems
FNDA:0,getItemById
FNDA:0,createItem
FNDA:0,updateItem
FNDA:0,softDeleteItem
FNDA:0,listLotsByItem
FNDA:0,getLotById
FNDA:0,createLot
FNDA:0,updateLot
FNDA:0,createCheckout
FNDA:0,(anonymous_10)
FNDA:0,getCheckoutById
FNDA:0,approveCheckout
FNDA:0,(anonymous_13)
FNDA:0,rejectCheckout
FNDA:0,listCheckouts
FNDA:0,createReturn
FNDA:0,(anonymous_17)
FNDA:0,(anonymous_18)
FNDA:0,(anonymous_19)
FNDA:0,cancelCheckout
FNDA:0,(anonymous_21)
FNDA:0,scanCode
FNDA:0,logInventoryActivity
DA:1,0
DA:10,0
DA:23,0
DA:31,0
DA:32,0
DA:33,0
DA:35,0
DA:36,0
DA:37,0
DA:39,0
DA:40,0
DA:41,0
DA:43,0
DA:44,0
DA:45,0
DA:47,0
DA:48,0
DA:49,0
DA:50,0
DA:53,0
DA:54,0
DA:55,0
DA:56,0
DA:57,0
DA:60,0
DA:61,0
DA:71,0
DA:73,0
DA:74,0
DA:75,0
DA:76,0
DA:77,0
DA:78,0
DA:79,0
DA:80,0
DA:81,0
DA:85,0
DA:89,0
DA:92,0
DA:93,0
DA:106,0
DA:107,0
DA:110,0
DA:119,0
DA:133,0
DA:136,0
DA:146,0
DA:147,0
DA:148,0
DA:150,0
DA:151,0
DA:152,0
DA:154,0
DA:155,0
DA:156,0
DA:158,0
DA:159,0
DA:160,0
DA:162,0
DA:163,0
DA:164,0
DA:166,0
DA:167,0
DA:168,0
DA:170,0
DA:172,0
DA:173,0
DA:175,0
DA:179,0
DA:180,0
DA:183,0
DA:184,0
DA:188,0
DA:193,0
DA:194,0
DA:202,0
DA:205,0
DA:206,0
DA:213,0
DA:214,0
DA:217,0
DA:225,0
DA:226,0
DA:227,0
DA:229,0
DA:230,0
DA:233,0
DA:234,0
DA:247,0
DA:249,0
DA:250,0
DA:252,0
DA:256,0
DA:266,0
DA:267,0
DA:268,0
DA:270,0
DA:271,0
DA:272,0
DA:274,0
DA:275,0
DA:276,0
DA:278,0
DA:279,0
DA:280,0
DA:282,0
DA:283,0
DA:284,0
DA:286,0
DA:287,0
DA:288,0
DA:290,0
DA:292,0
DA:293,0
DA:295,0
DA:299,0
DA:300,0
DA:308,0
DA:314,0
DA:315,0
DA:318,0
DA:320,0
DA:322,0
DA:328,0
DA:330,0
DA:332,0
DA:333,0
DA:334,0
DA:338,0
DA:342,0
DA:343,0
DA:345,0
DA:348,0
DA:352,0
DA:353,0
DA:355,0
DA:356,0
DA:357,0
DA:359,0
DA:360,0
DA:364,0
DA:365,0
DA:371,0
DA:372,0
DA:382,0
DA:388,0
DA:391,0
DA:395,0
DA:399,0
DA:403,0
DA:404,0
DA:406,0
DA:415,0
DA:418,0
DA:422,0
DA:423,0
DA:427,0
DA:428,0
DA:430,0
DA:432,0
DA:433,0
DA:437,0
DA:441,0
DA:442,0
DA:446,0
DA:447,0
DA:448,0
DA:452,0
DA:461,0
DA:470,0
DA:474,0
DA:478,0
DA:482,0
DA:483,0
DA:485,0
DA:487,0
DA:488,0
DA:491,0
DA:500,0
DA:503,0
DA:508,0
DA:509,0
DA:510,0
DA:512,0
DA:513,0
DA:514,0
DA:516,0
DA:517,0
DA:518,0
DA:521,0
DA:522,0
DA:523,0
DA:524,0
DA:525,0
DA:528,0
DA:529,0
DA:537,0
DA:547,0
DA:553,0
DA:554,0
DA:557,0
DA:559,0
DA:563,0
DA:564,0
DA:566,0
DA:568,0
DA:569,0
DA:571,0
DA:572,0
DA:576,0
DA:582,0
DA:584,0
DA:586,0
DA:587,0
DA:588,0
DA:592,0
DA:596,0
DA:597,0
DA:599,0
DA:601,0
DA:602,0
DA:605,0
DA:606,0
DA:607,0
DA:613,0
DA:621,0
DA:630,0
DA:636,0
DA:640,0
DA:644,0
DA:645,0
DA:646,0
DA:648,0
DA:649,0
DA:652,0
DA:653,0
DA:654,0
DA:655,0
DA:656,0
DA:659,0
DA:660,0
DA:664,0
DA:667,0
DA:673,0
DA:676,0
DA:677,0
DA:681,0
DA:682,0
DA:684,0
DA:687,0
DA:688,0
DA:692,0
DA:696,0
DA:697,0
DA:701,0
DA:702,0
DA:706,0
DA:707,0
DA:718,0
DA:726,0
DA:732,0
DA:738,0
DA:742,0
DA:743,0
DA:744,0
DA:745,0
DA:749,0
DA:753,0
DA:754,0
DA:758,0
DA:762,0
DA:763,0
DA:766,0
DA:771,0
DA:778,0
LF:275
LH:0
BRDA:35,0,0,0
BRDA:35,0,1,0
BRDA:39,1,0,0
BRDA:39,1,1,0
BRDA:43,2,0,0
BRDA:43,2,1,0
BRDA:47,3,0,0
BRDA:47,3,1,0
BRDA:54,4,0,0
BRDA:54,4,1,0
BRDA:71,5,0,0
BRDA:71,5,1,0
BRDA:74,6,0,0
BRDA:74,6,1,0
BRDA:76,7,0,0
BRDA:76,7,1,0
BRDA:78,8,0,0
BRDA:78,8,1,0
BRDA:80,9,0,0
BRDA:80,9,1,0
BRDA:106,10,0,0
BRDA:106,10,1,0
BRDA:126,11,0,0
BRDA:126,11,1,0
BRDA:127,12,0,0
BRDA:127,12,1,0
BRDA:128,13,0,0
BRDA:128,13,1,0
BRDA:129,14,0,0
BRDA:129,14,1,0
BRDA:150,15,0,0
BRDA:150,15,1,0
BRDA:154,16,0,0
BRDA:154,16,1,0
BRDA:158,17,0,0
BRDA:158,17,1,0
BRDA:162,18,0,0
BRDA:162,18,1,0
BRDA:166,19,0,0
BRDA:166,19,1,0
BRDA:170,20,0,0
BRDA:170,20,1,0
BRDA:179,21,0,0
BRDA:179,21,1,0
BRDA:188,22,0,0
BRDA:188,22,1,0
BRDA:213,23,0,0
BRDA:213,23,1,0
BRDA:226,24,0,0
BRDA:226,24,1,0
BRDA:229,25,0,0
BRDA:229,25,1,0
BRDA:242,26,0,0
BRDA:242,26,1,0
BRDA:243,27,0,0
BRDA:243,27,1,0
BRDA:244,28,0,0
BRDA:244,28,1,0
BRDA:249,29,0,0
BRDA:249,29,1,0
BRDA:270,30,0,0
BRDA:270,30,1,0
BRDA:274,31,0,0
BRDA:274,31,1,0
BRDA:278,32,0,0
BRDA:278,32,1,0
BRDA:282,33,0,0
BRDA:282,33,1,0
BRDA:286,34,0,0
BRDA:286,34,1,0
BRDA:290,35,0,0
BRDA:290,35,1,0
BRDA:299,36,0,0
BRDA:299,36,1,0
BRDA:312,37,0,0
BRDA:314,38,0,0
BRDA:314,38,1,0
BRDA:314,39,0,0
BRDA:314,39,1,0
BRDA:318,40,0,0
BRDA:318,40,1,0
BRDA:326,41,0,0
BRDA:326,41,1,0
BRDA:326,42,0,0
BRDA:326,42,1,0
BRDA:333,43,0,0
BRDA:333,43,1,0
BRDA:342,44,0,0
BRDA:342,44,1,0
BRDA:352,45,0,0
BRDA:352,45,1,0
BRDA:356,46,0,0
BRDA:356,46,1,0
BRDA:359,47,0,0
BRDA:359,47,1,0
BRDA:364,48,0,0
BRDA:364,48,1,0
BRDA:371,49,0,0
BRDA:371,49,1,0
BRDA:403,50,0,0
BRDA:403,50,1,0
BRDA:427,51,0,0
BRDA:427,51,1,0
BRDA:432,52,0,0
BRDA:432,52,1,0
BRDA:447,53,0,0
BRDA:447,53,1,0
BRDA:482,54,0,0
BRDA:482,54,1,0
BRDA:487,55,0,0
BRDA:487,55,1,0
BRDA:512,56,0,0
BRDA:512,56,1,0
BRDA:516,57,0,0
BRDA:516,57,1,0
BRDA:522,58,0,0
BRDA:522,58,1,0
BRDA:528,59,0,0
BRDA:528,59,1,0
BRDA:553,60,0,0
BRDA:553,60,1,0
BRDA:553,61,0,0
BRDA:553,61,1,0
BRDA:563,62,0,0
BRDA:563,62,1,0
BRDA:568,63,0,0
BRDA:568,63,1,0
BRDA:571,64,0,0
BRDA:571,64,1,0
BRDA:580,65,0,0
BRDA:580,65,1,0
BRDA:587,66,0,0
BRDA:587,66,1,0
BRDA:596,67,0,0
BRDA:596,67,1,0
BRDA:601,68,0,0
BRDA:601,68,1,0
BRDA:606,69,0,0
BRDA:606,69,1,0
BRDA:653,70,0,0
BRDA:653,70,1,0
BRDA:655,71,0,0
BRDA:655,71,1,0
BRDA:659,72,0,0
BRDA:659,72,1,0
BRDA:681,73,0,0
BRDA:681,73,1,0
BRDA:687,74,0,0
BRDA:687,74,1,0
BRDA:687,75,0,0
BRDA:687,75,1,0
BRDA:696,76,0,0
BRDA:696,76,1,0
BRDA:701,77,0,0
BRDA:701,77,1,0
BRDA:742,78,0,0
BRDA:742,78,1,0
BRDA:753,79,0,0
BRDA:753,79,1,0
BRDA:762,80,0,0
BRDA:762,80,1,0
BRDA:785,81,0,0
BRDA:785,81,1,0
BRDA:786,82,0,0
BRDA:786,82,1,0
BRF:165
BRH:0
end_of_record
TN:
SF:src/services/mqttService.ts
FN:8,getMqttClient
FN:12,initMqtt
FN:20,(anonymous_3)
FN:22,(anonymous_4)
FN:31,(anonymous_5)
FN:55,(anonymous_6)
FN:59,(anonymous_7)
FN:66,handleBleEvent
FN:74,handleDeviceHeartbeat
FN:83,isHeartbeatPayload
FN:97,isBleScanPayload
FN:110,sanitizeString
FN:116,normalizeBlePayload
FN:131,closeMqtt
FNF:14
FNH:0
FNDA:0,getMqttClient
FNDA:0,initMqtt
FNDA:0,(anonymous_3)
FNDA:0,(anonymous_4)
FNDA:0,(anonymous_5)
FNDA:0,(anonymous_6)
FNDA:0,(anonymous_7)
FNDA:0,handleBleEvent
FNDA:0,handleDeviceHeartbeat
FNDA:0,isHeartbeatPayload
FNDA:0,isBleScanPayload
FNDA:0,sanitizeString
FNDA:0,normalizeBlePayload
FNDA:0,closeMqtt
DA:1,0
DA:2,0
DA:3,0
DA:6,0
DA:8,0
DA:9,0
DA:12,0
DA:13,0
DA:15,0
DA:20,0
DA:21,0
DA:22,0
DA:23,0
DA:24,0
DA:26,0
DA:31,0
DA:32,0
DA:33,0
DA:35,0
DA:36,0
DA:37,0
DA:39,0
DA:40,0
DA:41,0
DA:42,0
DA:43,0
DA:45,0
DA:47,0
DA:51,0
DA:55,0
DA:56,0
DA:59,0
DA:60,0
DA:63,0
DA:67,0
DA:68,0
DA:69,0
DA:71,0
DA:75,0
DA:76,0
DA:77,0
DA:78,0
DA:80,0
DA:84,0
DA:98,0
DA:111,0
DA:113,0
DA:117,0
DA:131,0
DA:132,0
DA:133,0
DA:134,0
LF:52
LH:0
BRDA:13,0,0,0
BRDA:13,0,1,0
BRDA:23,1,0,0
BRDA:23,1,1,0
BRDA:37,2,0,0
BRDA:37,2,1,0
BRDA:39,3,0,0
BRDA:39,3,1,0
BRDA:41,4,0,0
BRDA:41,4,1,0
BRDA:67,5,0,0
BRDA:67,5,1,0
BRDA:67,6,0,0
BRDA:67,6,1,0
BRDA:67,6,2,0
BRDA:75,7,0,0
BRDA:75,7,1,0
BRDA:76,8,0,0
BRDA:76,8,1,0
BRDA:85,9,0,0
BRDA:85,9,1,0
BRDA:85,9,2,0
BRDA:85,9,3,0
BRDA:85,9,4,0
BRDA:85,9,5,0
BRDA:85,9,6,0
BRDA:85,9,7,0
BRDA:85,9,8,0
BRDA:99,10,0,0
BRDA:99,10,1,0
BRDA:99,10,2,0
BRDA:99,10,3,0
BRDA:99,10,4,0
BRDA:99,10,5,0
BRDA:99,10,6,0
BRDA:99,10,7,0
BRDA:111,11,0,0
BRDA:111,11,1,0
BRDA:113,12,0,0
BRDA:113,12,1,0
BRDA:118,13,0,0
BRDA:118,13,1,0
BRDA:119,14,0,0
BRDA:119,14,1,0
BRDA:132,15,0,0
BRDA:132,15,1,0
BRF:46
BRH:0
end_of_record
TN:
SF:src/services/notificationService.ts
FN:4,createNotification
FN:35,getNotification
FN:48,getUserNotifications
FN:99,getNotificationCounts
FN:119,markNotificationAsRead
FN:128,markAllNotificationsAsRead
FN:137,deleteNotification
FN:144,deleteAllNotifications
FN:151,createPendingRequestNotification
FN:186,createMissingItemNotification
FN:219,createExpiringItemNotification
FNF:11
FNH:0
FNDA:0,createNotification
FNDA:0,getNotification
FNDA:0,getUserNotifications
FNDA:0,getNotificationCounts
FNDA:0,markNotificationAsRead
FNDA:0,markAllNotificationsAsRead
FNDA:0,deleteNotification
FNDA:0,deleteAllNotifications
FNDA:0,createPendingRequestNotification
FNDA:0,createMissingItemNotification
FNDA:0,createExpiringItemNotification
DA:1,0
DA:4,0
DA:13,0
DA:27,0
DA:28,0
DA:29,0
DA:32,0
DA:35,0
DA:36,0
DA:41,0
DA:42,0
DA:45,0
DA:48,0
DA:57,0
DA:58,0
DA:59,0
DA:61,0
DA:62,0
DA:65,0
DA:66,0
DA:67,0
DA:68,0
DA:71,0
DA:74,0
DA:79,0
DA:82,0
DA:93,0
DA:99,0
DA:100,0
DA:105,0
DA:106,0
DA:116,0
DA:119,0
DA:120,0
DA:128,0
DA:129,0
DA:137,0
DA:138,0
DA:144,0
DA:145,0
DA:151,0
DA:157,0
DA:168,0
DA:169,0
DA:186,0
DA:191,0
DA:202,0
DA:203,0
DA:219,0
DA:226,0
DA:236,0
DA:239,0
DA:240,0
LF:53
LH:0
BRDA:19,0,0,0
BRDA:19,0,1,0
BRDA:20,1,0,0
BRDA:20,1,1,0
BRDA:21,2,0,0
BRDA:21,2,1,0
BRDA:22,3,0,0
BRDA:22,3,1,0
BRDA:28,4,0,0
BRDA:28,4,1,0
BRDA:41,5,0,0
BRDA:41,5,1,0
BRDA:50,6,0,0
BRDA:61,7,0,0
BRDA:61,7,1,0
BRDA:65,8,0,0
BRDA:65,8,1,0
BRDA:71,9,0,0
BRDA:71,9,1,0
BRDA:86,10,0,0
BRDA:86,10,1,0
BRDA:87,11,0,0
BRDA:87,11,1,0
BRDA:88,12,0,0
BRDA:88,12,1,0
BRDA:89,13,0,0
BRDA:89,13,1,0
BRDA:105,14,0,0
BRDA:105,14,1,0
BRF:29
BRH:0
end_of_record
TN:
SF:src/services/onlyofficeService.ts
FN:28,generateEditorConfig
FN:113,verifyCallbackToken
FNF:2
FNH:0
FNDA:0,generateEditorConfig
FNDA:0,verifyCallbackToken
DA:1,0
DA:2,0
DA:28,0
DA:34,0
DA:35,0
DA:38,0
DA:39,0
DA:42,0
DA:47,0
DA:50,0
DA:53,0
DA:57,0
DA:76,0
DA:81,0
DA:113,0
DA:114,0
DA:115,0
DA:116,0
DA:118,0
DA:121,0
LF:20
LH:0
BRDA:39,0,0,0
BRDA:39,0,1,0
BRDA:47,1,0,0
BRDA:47,1,1,0
BRDA:53,2,0,0
BRDA:53,2,1,0
BRDA:87,3,0,0
BRDA:87,3,1,0
BRDA:114,4,0,0
BRDA:114,4,1,0
BRF:10
BRH:0
end_of_record
TN:
SF:src/services/userService.ts
FN:6,mapUserRow
FN:8,(anonymous_1)
FN:26,listUsers
FN:103,getUserById
FN:121,getUserByEmail
FN:129,createUser
FN:156,(anonymous_6)
FN:182,(anonymous_7)
FN:194,updateUser
FN:240,(anonymous_9)
FN:244,(anonymous_10)
FN:258,softDeleteUser
FN:266,assignRole
FN:267,(anonymous_13)
FN:284,removeRole
FN:292,listRoles
FNF:16
FNH:0
FNDA:0,mapUserRow
FNDA:0,(anonymous_1)
FNDA:0,listUsers
FNDA:0,getUserById
FNDA:0,getUserByEmail
FNDA:0,createUser
FNDA:0,(anonymous_6)
FNDA:0,(anonymous_7)
FNDA:0,updateUser
FNDA:0,(anonymous_9)
FNDA:0,(anonymous_10)
FNDA:0,softDeleteUser
FNDA:0,assignRole
FNDA:0,(anonymous_13)
FNDA:0,removeRole
FNDA:0,listRoles
DA:1,0
DA:2,0
DA:4,0
DA:7,0
DA:8,0
DA:15,0
DA:26,0
DA:33,0
DA:34,0
DA:35,0
DA:37,0
DA:38,0
DA:39,0
DA:41,0
DA:42,0
DA:46,0
DA:47,0
DA:50,0
DA:51,0
DA:56,0
DA:57,0
DA:60,0
DA:61,0
DA:62,0
DA:63,0
DA:66,0
DA:69,0
DA:73,0
DA:76,0
DA:92,0
DA:94,0
DA:103,0
DA:104,0
DA:117,0
DA:118,0
DA:121,0
DA:122,0
DA:126,0
DA:129,0
DA:136,0
DA:138,0
DA:139,0
DA:140,0
DA:141,0
DA:142,0
DA:152,0
DA:154,0
DA:155,0
DA:156,0
DA:157,0
DA:158,0
DA:165,0
DA:167,0
DA:170,0
DA:177,0
DA:180,0
DA:181,0
DA:182,0
DA:183,0
DA:184,0
DA:191,0
DA:194,0
DA:198,0
DA:199,0
DA:200,0
DA:202,0
DA:203,0
DA:204,0
DA:206,0
DA:207,0
DA:211,0
DA:212,0
DA:213,0
DA:215,0
DA:216,0
DA:217,0
DA:219,0
DA:220,0
DA:221,0
DA:223,0
DA:224,0
DA:228,0
DA:229,0
DA:230,0
DA:231,0
DA:235,0
DA:239,0
DA:240,0
DA:241,0
DA:242,0
DA:243,0
DA:244,0
DA:245,0
DA:246,0
DA:255,0
DA:258,0
DA:259,0
DA:263,0
DA:266,0
DA:267,0
DA:268,0
DA:269,0
DA:271,0
DA:272,0
DA:273,0
DA:275,0
DA:284,0
DA:285,0
DA:289,0
DA:292,0
DA:293,0
DA:294,0
LF:112
LH:0
BRDA:7,0,0,0
BRDA:7,0,1,0
BRDA:11,1,0,0
BRDA:11,1,1,0
BRDA:22,2,0,0
BRDA:22,2,1,0
BRDA:33,3,0,0
BRDA:33,3,1,0
BRDA:34,4,0,0
BRDA:34,4,1,0
BRDA:41,5,0,0
BRDA:41,5,1,0
BRDA:50,6,0,0
BRDA:50,6,1,0
BRDA:60,7,0,0
BRDA:60,7,1,0
BRDA:117,8,0,0
BRDA:117,8,1,0
BRDA:126,9,0,0
BRDA:126,9,1,0
BRDA:139,10,0,0
BRDA:139,10,1,0
BRDA:141,11,0,0
BRDA:141,11,1,0
BRDA:150,12,0,0
BRDA:150,12,1,0
BRDA:154,13,0,0
BRDA:154,13,1,0
BRDA:154,14,0,0
BRDA:154,14,1,0
BRDA:174,15,0,0
BRDA:174,15,1,0
BRDA:180,16,0,0
BRDA:180,16,1,0
BRDA:180,17,0,0
BRDA:180,17,1,0
BRDA:202,18,0,0
BRDA:202,18,1,0
BRDA:206,19,0,0
BRDA:206,19,1,0
BRDA:211,20,0,0
BRDA:211,20,1,0
BRDA:215,21,0,0
BRDA:215,21,1,0
BRDA:219,22,0,0
BRDA:219,22,1,0
BRDA:223,23,0,0
BRDA:223,23,1,0
BRDA:223,24,0,0
BRDA:223,24,1,0
BRDA:223,24,2,0
BRDA:228,25,0,0
BRDA:228,25,1,0
BRDA:235,26,0,0
BRDA:235,26,1,0
BRDA:239,27,0,0
BRDA:239,27,1,0
BRDA:242,28,0,0
BRDA:242,28,1,0
BRDA:263,29,0,0
BRDA:263,29,1,0
BRDA:269,30,0,0
BRDA:269,30,1,0
BRDA:272,31,0,0
BRDA:272,31,1,0
BRDA:273,32,0,0
BRDA:273,32,1,0
BRDA:289,33,0,0
BRDA:289,33,1,0
BRF:69
BRH:0
end_of_record
TN:
SF:src/services/userSessionService.ts
FN:15,createOrUpdateUserSession
FN:27,getUserOnlineStatus
FN:40,getAllUserStatuses
FN:56,cleanupExpiredSessions
FN:63,getUserSession
FN:77,logoutUserSession
FN:84,logoutAllUserSessions
FNF:7
FNH:0
FNDA:0,createOrUpdateUserSession
FNDA:0,getUserOnlineStatus
FNDA:0,getAllUserStatuses
FNDA:0,cleanupExpiredSessions
FNDA:0,getUserSession
FNDA:0,logoutUserSession
FNDA:0,logoutAllUserSessions
DA:1,0
DA:15,0
DA:21,0
DA:27,0
DA:28,0
DA:33,0
DA:34,0
DA:37,0
DA:40,0
DA:41,0
DA:53,0
DA:56,0
DA:57,0
DA:63,0
DA:64,0
DA:70,0
DA:71,0
DA:74,0
DA:77,0
DA:78,0
DA:84,0
DA:85,0
LF:22
LH:0
BRDA:23,0,0,0
BRDA:23,0,1,0
BRDA:23,1,0,0
BRDA:23,1,1,0
BRDA:33,2,0,0
BRDA:33,2,1,0
BRDA:70,3,0,0
BRDA:70,3,1,0
BRF:8
BRH:0
end_of_record
TN:
SF:src/services/websocketService.ts
FN:7,initWebSocket
FN:12,(anonymous_1)
FN:16,(anonymous_2)
FN:21,(anonymous_3)
FN:30,(anonymous_4)
FN:38,broadcast
FN:48,getWebSocketServer
FN:52,closeWebSocket
FN:58,(anonymous_8)
FNF:9
FNH:0
FNDA:0,initWebSocket
FNDA:0,(anonymous_1)
FNDA:0,(anonymous_2)
FNDA:0,(anonymous_3)
FNDA:0,(anonymous_4)
FNDA:0,broadcast
FNDA:0,getWebSocketServer
FNDA:0,closeWebSocket
FNDA:0,(anonymous_8)
DA:1,0
DA:2,0
DA:4,0
DA:5,0
DA:7,0
DA:8,0
DA:10,0
DA:12,0
DA:13,0
DA:14,0
DA:16,0
DA:17,0
DA:18,0
DA:21,0
DA:22,0
DA:23,0
DA:27,0
DA:30,0
DA:31,0
DA:34,0
DA:35,0
DA:38,0
DA:39,0
DA:40,0
DA:41,0
DA:42,0
DA:43,0
DA:48,0
DA:49,0
DA:52,0
DA:53,0
DA:54,0
DA:55,0
DA:57,0
DA:58,0
DA:59,0
LF:36
LH:0
BRDA:8,0,0,0
BRDA:8,0,1,0
BRDA:39,1,0,0
BRDA:39,1,1,0
BRDA:42,2,0,0
BRDA:42,2,1,0
BRDA:53,3,0,0
BRDA:53,3,1,0
BRF:8
BRH:0
end_of_record
TN:
SF:src/utils/config.ts
FN:27,(anonymous_1)
FN:28,(anonymous_2)
FNF:2
FNH:2
FNDA:1,(anonymous_1)
FNDA:2,(anonymous_2)
DA:1,1
DA:2,1
DA:4,1
DA:27,1
DA:31,2
DA:32,0
DA:34,2
LF:7
LH:6
BRDA:5,0,0,1
BRDA:5,0,1,0
BRDA:6,1,0,1
BRDA:6,1,1,0
BRDA:7,2,0,1
BRDA:7,2,1,0
BRDA:8,3,0,1
BRDA:8,3,1,0
BRDA:9,4,0,1
BRDA:9,4,1,1
BRDA:10,5,0,1
BRDA:10,5,1,1
BRDA:11,6,0,1
BRDA:11,6,1,1
BRDA:12,7,0,1
BRDA:12,7,1,1
BRDA:13,8,0,1
BRDA:13,8,1,1
BRDA:14,9,0,1
BRDA:14,9,1,1
BRDA:15,10,0,1
BRDA:15,10,1,1
BRDA:16,11,0,1
BRDA:16,11,1,1
BRDA:17,12,0,1
BRDA:17,12,1,1
BRDA:18,13,0,1
BRDA:18,13,1,1
BRDA:19,14,0,1
BRDA:19,14,1,1
BRDA:20,15,0,1
BRDA:20,15,1,1
BRDA:21,16,0,1
BRDA:21,16,1,1
BRDA:24,17,0,1
BRDA:24,17,1,1
BRDA:25,18,0,1
BRDA:25,18,1,1
BRDA:26,19,0,1
BRDA:26,19,1,1
BRDA:27,20,0,1
BRDA:27,20,1,0
BRDA:31,21,0,0
BRDA:31,21,1,2
BRF:44
BRH:38
end_of_record
TN:
SF:src/utils/db.ts
FN:16,(anonymous_1)
FN:21,query
FN:25,getClient
FN:29,withTransaction
FNF:4
FNH:0
FNDA:0,(anonymous_1)
FNDA:0,query
FNDA:0,getClient
FNDA:0,withTransaction
DA:1,0
DA:2,0
DA:4,0
DA:6,0
DA:16,0
DA:17,0
DA:21,0
DA:22,0
DA:25,0
DA:26,0
DA:29,0
DA:30,0
DA:31,0
DA:32,0
DA:33,0
DA:34,0
DA:35,0
DA:37,0
DA:38,0
DA:40,0
DA:44,0
LF:21
LH:0
BRF:0
BRH:0
end_of_record
TN:
SF:src/utils/errors.ts
FN:5,(anonymous_0)
FN:13,(anonymous_1)
FN:19,(anonymous_2)
FN:25,(anonymous_3)
FN:31,(anonymous_4)
FN:37,(anonymous_5)
FNF:6
FNH:5
FNDA:16,(anonymous_0)
FNDA:5,(anonymous_1)
FNDA:1,(anonymous_2)
FNDA:1,(anonymous_3)
FNDA:0,(anonymous_4)
FNDA:1,(anonymous_5)
DA:1,3
DA:6,16
DA:7,16
DA:8,16
DA:12,3
DA:14,5
DA:18,3
DA:20,1
DA:24,3
DA:26,1
DA:30,3
DA:32,0
DA:36,3
DA:38,1
LF:14
LH:13
BRDA:5,0,0,2
BRDA:13,1,0,1
BRDA:19,2,0,1
BRDA:25,3,0,1
BRDA:31,4,0,0
BRDA:37,5,0,1
BRF:6
BRH:5
end_of_record
TN:
SF:src/utils/jwt.ts
FN:5,extractRoleNames
FN:8,(anonymous_2)
FN:11,signToken
FN:19,signRefreshToken
FN:27,verifyToken
FN:31,verifyRefreshToken
FNF:6
FNH:0
FNDA:0,extractRoleNames
FNDA:0,(anonymous_2)
FNDA:0,signToken
FNDA:0,signRefreshToken
FNDA:0,verifyToken
FNDA:0,verifyRefreshToken
DA:1,0
DA:2,0
DA:6,0
DA:7,0
DA:8,0
DA:11,0
DA:12,0
DA:19,0
DA:20,0
DA:27,0
DA:28,0
DA:31,0
DA:32,0
LF:13
LH:0
BRDA:6,0,0,0
BRDA:6,0,1,0
BRDA:6,1,0,0
BRDA:6,1,1,0
BRDA:7,2,0,0
BRDA:7,2,1,0
BRF:6
BRH:0
end_of_record
TN:
SF:src/utils/password.ts
FN:5,hashPassword
FN:9,verifyPassword
FNF:2
FNH:0
FNDA:0,hashPassword
FNDA:0,verifyPassword
DA:1,0
DA:3,0
DA:5,0
DA:6,0
DA:9,0
DA:10,0
LF:6
LH:0
BRF:0
BRH:0
end_of_record
